No arguments are passed. Using default.
TRAINING IMAGE CLASSIFIER ON 17995 images in 10 CATEGORIES
Extracting image features from full data set.
Analyzing and extracting image features.
+------------------+--------------+------------------+
| Images Processed | Elapsed Time | Percent Complete |
+------------------+--------------+------------------+
| 1                | 9.92s        | 0%               |
| 2                | 10.18s       | 0%               |
| 3                | 10.41s       | 0%               |
| 4                | 10.62s       | 0%               |
| 5                | 10.82s       | 0%               |
| 10               | 11.97s       | 0%               |
| 25               | 14.67s       | 0%               |
| 50               | 19.18s       | 0.25%            |
| 75               | 23.72s       | 0.25%            |
| 100              | 28.26s       | 0.5%             |
| 125              | 32.89s       | 0.5%             |
| 150              | 37.55s       | 0.75%            |
| 175              | 42.12s       | 0.75%            |
| 200              | 46.71s       | 1%               |
| 225              | 51.25s       | 1.25%            |
| 250              | 55.78s       | 1.25%            |
| 275              | 1m 0s        | 1.5%             |
| 300              | 1m 5s        | 1.5%             |
| 325              | 1m 9s        | 1.75%            |
| 350              | 1m 14s       | 1.75%            |
| 375              | 1m 18s       | 2%               |
| 400              | 1m 23s       | 2%               |
| 425              | 1m 27s       | 2.25%            |
| 450              | 1m 32s       | 2.5%             |
| 475              | 1m 37s       | 2.5%             |
| 500              | 1m 41s       | 2.75%            |
| 525              | 1m 46s       | 2.75%            |
| 550              | 1m 51s       | 3%               |
| 575              | 1m 56s       | 3%               |
| 600              | 2m 0s        | 3.25%            |
| 625              | 2m 5s        | 3.25%            |
| 650              | 2m 9s        | 3.5%             |
| 675              | 2m 14s       | 3.75%            |
| 700              | 2m 18s       | 3.75%            |
| 725              | 2m 23s       | 4%               |
| 750              | 2m 28s       | 4%               |
| 775              | 2m 32s       | 4.25%            |
| 800              | 2m 37s       | 4.25%            |
| 825              | 2m 42s       | 4.5%             |
| 850              | 2m 46s       | 4.5%             |
| 875              | 2m 51s       | 4.75%            |
| 900              | 2m 56s       | 5%               |
| 925              | 3m 0s        | 5%               |
| 950              | 3m 5s        | 5.25%            |
| 975              | 3m 10s       | 5.25%            |
| 1000             | 3m 14s       | 5.5%             |
| 1025             | 3m 19s       | 5.5%             |
| 1050             | 3m 24s       | 5.75%            |
| 1075             | 3m 28s       | 5.75%            |
| 1100             | 3m 33s       | 6%               |
| 1125             | 3m 37s       | 6.25%            |
| 1150             | 3m 42s       | 6.25%            |
| 1175             | 3m 46s       | 6.5%             |
| 1200             | 3m 51s       | 6.5%             |
| 1225             | 3m 55s       | 6.75%            |
| 1250             | 4m 0s        | 6.75%            |
| 1275             | 4m 4s        | 7%               |
| 1300             | 4m 9s        | 7%               |
| 1325             | 4m 13s       | 7.25%            |
| 1350             | 4m 18s       | 7.5%             |
| 1375             | 4m 22s       | 7.5%             |
| 1400             | 4m 27s       | 7.75%            |
| 1425             | 4m 31s       | 7.75%            |
| 1450             | 4m 36s       | 8%               |
| 1475             | 4m 40s       | 8%               |
| 1500             | 4m 45s       | 8.25%            |
| 1525             | 4m 49s       | 8.25%            |
| 1550             | 4m 54s       | 8.5%             |
| 1575             | 4m 58s       | 8.75%            |
| 1600             | 5m 3s        | 8.75%            |
| 1625             | 5m 7s        | 9%               |
| 1650             | 5m 12s       | 9%               |
| 1675             | 5m 16s       | 9.25%            |
| 1700             | 5m 21s       | 9.25%            |
| 1725             | 5m 25s       | 9.5%             |
| 1750             | 5m 30s       | 9.5%             |
| 1775             | 5m 34s       | 9.75%            |
| 1800             | 5m 39s       | 10%              |
| 1825             | 5m 43s       | 10%              |
| 1850             | 5m 48s       | 10.25%           |
| 1875             | 5m 52s       | 10.25%           |
| 1900             | 5m 57s       | 10.5%            |
| 1925             | 6m 1s        | 10.5%            |
| 1950             | 6m 5s        | 10.75%           |
| 1975             | 6m 10s       | 10.75%           |
| 2000             | 6m 15s       | 11%              |
| 2025             | 6m 19s       | 11.25%           |
| 2050             | 6m 24s       | 11.25%           |
| 2075             | 6m 28s       | 11.5%            |
| 2100             | 6m 32s       | 11.5%            |
| 2125             | 6m 37s       | 11.75%           |
| 2150             | 6m 41s       | 11.75%           |
| 2175             | 6m 46s       | 12%              |
| 2200             | 6m 50s       | 12%              |
| 2225             | 6m 55s       | 12.25%           |
| 2250             | 6m 59s       | 12.5%            |
| 2275             | 7m 4s        | 12.5%            |
| 2300             | 7m 8s        | 12.75%           |
| 2325             | 7m 13s       | 12.75%           |
| 2350             | 7m 17s       | 13%              |
| 2375             | 7m 22s       | 13%              |
| 2400             | 7m 26s       | 13.25%           |
| 2425             | 7m 31s       | 13.25%           |
| 2450             | 7m 35s       | 13.5%            |
| 2475             | 7m 40s       | 13.75%           |
| 2500             | 7m 44s       | 13.75%           |
| 2525             | 7m 49s       | 14%              |
| 2550             | 7m 53s       | 14%              |
| 2575             | 7m 58s       | 14.25%           |
| 2600             | 8m 2s        | 14.25%           |
| 2625             | 8m 7s        | 14.5%            |
| 2650             | 8m 11s       | 14.5%            |
| 2675             | 8m 16s       | 14.75%           |
| 2700             | 8m 20s       | 15%              |
| 2725             | 8m 25s       | 15%              |
| 2750             | 8m 29s       | 15.25%           |
| 2775             | 8m 34s       | 15.25%           |
| 2800             | 8m 38s       | 15.5%            |
| 2825             | 8m 43s       | 15.5%            |
| 2850             | 8m 47s       | 15.75%           |
| 2875             | 8m 52s       | 15.75%           |
| 2900             | 8m 56s       | 16%              |
| 2925             | 9m 1s        | 16.25%           |
| 2950             | 9m 5s        | 16.25%           |
| 2975             | 9m 10s       | 16.5%            |
| 3000             | 9m 14s       | 16.5%            |
| 3025             | 9m 19s       | 16.75%           |
| 3050             | 9m 23s       | 16.75%           |
| 3075             | 9m 28s       | 17%              |
| 3100             | 9m 32s       | 17%              |
| 3125             | 9m 37s       | 17.25%           |
| 3150             | 9m 41s       | 17.5%            |
| 3175             | 9m 46s       | 17.5%            |
| 3200             | 9m 50s       | 17.75%           |
| 3225             | 9m 55s       | 17.75%           |
| 3250             | 9m 59s       | 18%              |
| 3275             | 10m 4s       | 18%              |
| 3300             | 10m 8s       | 18.25%           |
| 3325             | 10m 13s      | 18.25%           |
| 3350             | 10m 17s      | 18.5%            |
| 3375             | 10m 22s      | 18.75%           |
| 3400             | 10m 26s      | 18.75%           |
| 3425             | 10m 31s      | 19%              |
| 3450             | 10m 35s      | 19%              |
| 3475             | 10m 40s      | 19.25%           |
| 3500             | 10m 44s      | 19.25%           |
| 3525             | 10m 49s      | 19.5%            |
| 3550             | 10m 53s      | 19.5%            |
| 3575             | 10m 58s      | 19.75%           |
| 3600             | 11m 2s       | 20%              |
| 3625             | 11m 7s       | 20%              |
| 3650             | 11m 11s      | 20.25%           |
| 3675             | 11m 16s      | 20.25%           |
| 3700             | 11m 20s      | 20.5%            |
| 3725             | 11m 25s      | 20.5%            |
| 3750             | 11m 29s      | 20.75%           |
| 3775             | 11m 34s      | 20.75%           |
| 3800             | 11m 38s      | 21%              |
| 3825             | 11m 43s      | 21.25%           |
| 3850             | 11m 47s      | 21.25%           |
| 3875             | 11m 52s      | 21.5%            |
| 3900             | 11m 56s      | 21.5%            |
| 3925             | 12m 1s       | 21.75%           |
| 3950             | 12m 5s       | 21.75%           |
| 3975             | 12m 10s      | 22%              |
| 4000             | 12m 14s      | 22%              |
| 4025             | 12m 19s      | 22.25%           |
| 4050             | 12m 23s      | 22.5%            |
| 4075             | 12m 28s      | 22.5%            |
| 4100             | 12m 32s      | 22.75%           |
| 4125             | 12m 37s      | 22.75%           |
| 4150             | 12m 41s      | 23%              |
| 4175             | 12m 46s      | 23%              |
| 4200             | 12m 50s      | 23.25%           |
| 4225             | 12m 55s      | 23.25%           |
| 4250             | 12m 59s      | 23.5%            |
| 4275             | 13m 4s       | 23.75%           |
| 4300             | 13m 8s       | 23.75%           |
| 4325             | 13m 13s      | 24%              |
| 4350             | 13m 17s      | 24%              |
| 4375             | 13m 22s      | 24.25%           |
| 4400             | 13m 26s      | 24.25%           |
| 4425             | 13m 31s      | 24.5%            |
| 4450             | 13m 35s      | 24.5%            |
| 4475             | 13m 40s      | 24.75%           |
| 4500             | 13m 44s      | 25%              |
| 4525             | 13m 49s      | 25%              |
| 4550             | 13m 53s      | 25.25%           |
| 4575             | 13m 58s      | 25.25%           |
| 4600             | 14m 2s       | 25.5%            |
| 4625             | 14m 7s       | 25.5%            |
| 4650             | 14m 11s      | 25.75%           |
| 4675             | 14m 16s      | 25.75%           |
| 4700             | 14m 20s      | 26%              |
| 4725             | 14m 25s      | 26.25%           |
| 4750             | 14m 29s      | 26.25%           |
| 4775             | 14m 34s      | 26.5%            |
| 4800             | 14m 38s      | 26.5%            |
| 4825             | 14m 43s      | 26.75%           |
| 4850             | 14m 47s      | 26.75%           |
| 4875             | 14m 52s      | 27%              |
| 4900             | 14m 56s      | 27%              |
| 4925             | 15m 1s       | 27.25%           |
| 4950             | 15m 5s       | 27.5%            |
| 4975             | 15m 10s      | 27.5%            |
| 5000             | 15m 14s      | 27.75%           |
| 5025             | 15m 19s      | 27.75%           |
| 5050             | 15m 23s      | 28%              |
| 5075             | 15m 28s      | 28%              |
| 5100             | 15m 32s      | 28.25%           |
| 5125             | 15m 37s      | 28.25%           |
| 5150             | 15m 41s      | 28.5%            |
| 5175             | 15m 46s      | 28.75%           |
| 5200             | 15m 50s      | 28.75%           |
| 5225             | 15m 55s      | 29%              |
| 5250             | 15m 59s      | 29%              |
| 5275             | 16m 4s       | 29.25%           |
| 5300             | 16m 8s       | 29.25%           |
| 5325             | 16m 13s      | 29.5%            |
| 5350             | 16m 17s      | 29.5%            |
| 5375             | 16m 22s      | 29.75%           |
| 5400             | 16m 26s      | 30%              |
| 5425             | 16m 31s      | 30%              |
| 5450             | 16m 35s      | 30.25%           |
| 5475             | 16m 40s      | 30.25%           |
| 5500             | 16m 44s      | 30.5%            |
| 5525             | 16m 49s      | 30.5%            |
| 5550             | 16m 53s      | 30.75%           |
| 5575             | 16m 58s      | 30.75%           |
| 5600             | 17m 2s       | 31%              |
| 5625             | 17m 7s       | 31.25%           |
| 5650             | 17m 11s      | 31.25%           |
| 5675             | 17m 16s      | 31.5%            |
| 5700             | 17m 20s      | 31.5%            |
| 5725             | 17m 25s      | 31.75%           |
| 5750             | 17m 29s      | 31.75%           |
| 5775             | 17m 34s      | 32%              |
| 5800             | 17m 38s      | 32%              |
| 5825             | 17m 43s      | 32.25%           |
| 5850             | 17m 47s      | 32.5%            |
| 5875             | 17m 52s      | 32.5%            |
| 5900             | 17m 57s      | 32.75%           |
| 5925             | 18m 1s       | 32.75%           |
| 5950             | 18m 6s       | 33%              |
| 5975             | 18m 10s      | 33%              |
| 6000             | 18m 15s      | 33.25%           |
| 6025             | 18m 19s      | 33.25%           |
| 6050             | 18m 24s      | 33.5%            |
| 6075             | 18m 28s      | 33.75%           |
| 6100             | 18m 33s      | 33.75%           |
| 6125             | 18m 37s      | 34%              |
| 6150             | 18m 42s      | 34%              |
| 6175             | 18m 46s      | 34.25%           |
| 6200             | 18m 51s      | 34.25%           |
| 6225             | 18m 55s      | 34.5%            |
| 6250             | 19m 0s       | 34.5%            |
| 6275             | 19m 4s       | 34.75%           |
| 6300             | 19m 9s       | 35%              |
| 6325             | 19m 13s      | 35%              |
| 6350             | 19m 18s      | 35.25%           |
| 6375             | 19m 22s      | 35.25%           |
| 6400             | 19m 27s      | 35.5%            |
| 6425             | 19m 31s      | 35.5%            |
| 6450             | 19m 36s      | 35.75%           |
| 6475             | 19m 40s      | 35.75%           |
| 6500             | 19m 45s      | 36%              |
| 6525             | 19m 49s      | 36.25%           |
| 6550             | 19m 54s      | 36.25%           |
| 6575             | 19m 58s      | 36.5%            |
| 6600             | 20m 3s       | 36.5%            |
| 6625             | 20m 8s       | 36.75%           |
| 6650             | 20m 12s      | 36.75%           |
| 6675             | 20m 17s      | 37%              |
| 6700             | 20m 21s      | 37%              |
| 6725             | 20m 26s      | 37.25%           |
| 6750             | 20m 30s      | 37.5%            |
| 6775             | 20m 35s      | 37.5%            |
| 6800             | 20m 39s      | 37.75%           |
| 6825             | 20m 44s      | 37.75%           |
| 6850             | 20m 48s      | 38%              |
| 6875             | 20m 53s      | 38%              |
| 6900             | 20m 57s      | 38.25%           |
| 6925             | 21m 2s       | 38.25%           |
| 6950             | 21m 6s       | 38.5%            |
| 6975             | 21m 11s      | 38.75%           |
| 7000             | 21m 15s      | 38.75%           |
| 7025             | 21m 20s      | 39%              |
| 7050             | 21m 24s      | 39%              |
| 7075             | 21m 29s      | 39.25%           |
| 7100             | 21m 33s      | 39.25%           |
| 7125             | 21m 38s      | 39.5%            |
| 7150             | 21m 42s      | 39.5%            |
| 7175             | 21m 47s      | 39.75%           |
| 7200             | 21m 51s      | 40%              |
| 7225             | 21m 56s      | 40%              |
| 7250             | 22m 0s       | 40.25%           |
| 7275             | 22m 5s       | 40.25%           |
| 7300             | 22m 9s       | 40.5%            |
| 7325             | 22m 14s      | 40.5%            |
| 7350             | 22m 18s      | 40.75%           |
| 7375             | 22m 23s      | 40.75%           |
| 7400             | 22m 27s      | 41%              |
| 7425             | 22m 32s      | 41.25%           |
| 7450             | 22m 36s      | 41.25%           |
| 7475             | 22m 41s      | 41.5%            |
| 7500             | 22m 45s      | 41.5%            |
| 7525             | 22m 50s      | 41.75%           |
| 7550             | 22m 54s      | 41.75%           |
| 7575             | 23m 2s       | 42%              |
| 7600             | 23m 7s       | 42%              |
| 7625             | 23m 12s      | 42.25%           |
| 7650             | 23m 17s      | 42.5%            |
| 7675             | 23m 28s      | 42.5%            |
| 7700             | 23m 33s      | 42.75%           |
| 7725             | 23m 37s      | 42.75%           |
| 7750             | 23m 42s      | 43%              |
| 7775             | 23m 46s      | 43%              |
| 7800             | 23m 51s      | 43.25%           |
| 7825             | 23m 55s      | 43.25%           |
| 7850             | 24m 0s       | 43.5%            |
| 7875             | 24m 4s       | 43.75%           |
| 7900             | 24m 9s       | 43.75%           |
| 7925             | 24m 13s      | 44%              |
| 7950             | 24m 18s      | 44%              |
| 7975             | 24m 22s      | 44.25%           |
| 8000             | 24m 27s      | 44.25%           |
| 8025             | 24m 31s      | 44.5%            |
| 8050             | 24m 36s      | 44.5%            |
| 8075             | 24m 40s      | 44.75%           |
| 8100             | 24m 45s      | 45%              |
| 8125             | 24m 49s      | 45%              |
| 8150             | 24m 54s      | 45.25%           |
| 8175             | 24m 58s      | 45.25%           |
| 8200             | 25m 3s       | 45.5%            |
| 8225             | 25m 7s       | 45.5%            |
| 8250             | 25m 12s      | 45.75%           |
| 8275             | 25m 16s      | 45.75%           |
| 8300             | 25m 21s      | 46%              |
| 8325             | 25m 25s      | 46.25%           |
| 8350             | 25m 30s      | 46.25%           |
| 8375             | 25m 34s      | 46.5%            |
| 8400             | 25m 39s      | 46.5%            |
| 8425             | 25m 43s      | 46.75%           |
| 8450             | 25m 48s      | 46.75%           |
| 8475             | 25m 52s      | 47%              |
| 8500             | 25m 57s      | 47%              |
| 8525             | 26m 1s       | 47.25%           |
| 8550             | 26m 6s       | 47.5%            |
| 8575             | 26m 10s      | 47.5%            |
| 8600             | 26m 15s      | 47.75%           |
| 8625             | 26m 19s      | 47.75%           |
| 8650             | 26m 24s      | 48%              |
| 8675             | 26m 28s      | 48%              |
| 8700             | 26m 33s      | 48.25%           |
| 8725             | 26m 37s      | 48.25%           |
| 8750             | 26m 42s      | 48.5%            |
| 8775             | 26m 46s      | 48.75%           |
| 8800             | 26m 51s      | 48.75%           |
| 8825             | 26m 55s      | 49%              |
| 8850             | 27m 0s       | 49%              |
| 8875             | 27m 4s       | 49.25%           |
| 8900             | 27m 9s       | 49.25%           |
| 8925             | 27m 13s      | 49.5%            |
| 8950             | 27m 18s      | 49.5%            |
| 8975             | 27m 22s      | 49.75%           |
| 9000             | 27m 27s      | 50%              |
| 9025             | 27m 31s      | 50%              |
| 9050             | 27m 36s      | 50.25%           |
| 9075             | 27m 40s      | 50.25%           |
| 9100             | 27m 44s      | 50.5%            |
| 9125             | 27m 49s      | 50.5%            |
| 9150             | 27m 54s      | 50.75%           |
| 9175             | 27m 58s      | 50.75%           |
| 9200             | 28m 3s       | 51%              |
| 9225             | 28m 7s       | 51.25%           |
| 9250             | 28m 12s      | 51.25%           |
| 9275             | 28m 16s      | 51.5%            |
| 9300             | 28m 21s      | 51.5%            |
| 9325             | 28m 25s      | 51.75%           |
| 9350             | 28m 30s      | 51.75%           |
| 9375             | 28m 34s      | 52%              |
| 9400             | 28m 39s      | 52%              |
| 9425             | 28m 43s      | 52.25%           |
| 9450             | 28m 48s      | 52.5%            |
| 9475             | 28m 52s      | 52.5%            |
| 9500             | 28m 57s      | 52.75%           |
| 9525             | 29m 1s       | 52.75%           |
| 9550             | 29m 6s       | 53%              |
| 9575             | 29m 10s      | 53%              |
| 9600             | 29m 15s      | 53.25%           |
| 9625             | 29m 19s      | 53.25%           |
| 9650             | 29m 24s      | 53.5%            |
| 9675             | 29m 28s      | 53.75%           |
| 9700             | 29m 33s      | 53.75%           |
| 9725             | 29m 37s      | 54%              |
| 9750             | 29m 41s      | 54%              |
| 9775             | 29m 50s      | 54.25%           |
| 9800             | 29m 56s      | 54.25%           |
| 9825             | 30m 0s       | 54.5%            |
| 9850             | 30m 6s       | 54.5%            |
| 9875             | 30m 11s      | 54.75%           |
| 9900             | 30m 16s      | 55%              |
| 9925             | 30m 21s      | 55%              |
| 9950             | 30m 26s      | 55.25%           |
| 9975             | 30m 31s      | 55.25%           |
| 10000            | 30m 35s      | 55.5%            |
| 10025            | 30m 40s      | 55.5%            |
| 10050            | 30m 45s      | 55.75%           |
| 10075            | 30m 49s      | 55.75%           |
| 10100            | 30m 54s      | 56%              |
| 10125            | 30m 58s      | 56.25%           |
| 10150            | 31m 3s       | 56.25%           |
| 10175            | 31m 7s       | 56.5%            |
| 10200            | 31m 12s      | 56.5%            |
| 10225            | 31m 16s      | 56.75%           |
| 10250            | 31m 21s      | 56.75%           |
| 10275            | 31m 25s      | 57%              |
| 10300            | 31m 30s      | 57%              |
| 10325            | 31m 34s      | 57.25%           |
| 10350            | 31m 39s      | 57.5%            |
| 10375            | 31m 43s      | 57.5%            |
| 10400            | 31m 48s      | 57.75%           |
| 10425            | 31m 52s      | 57.75%           |
| 10450            | 31m 57s      | 58%              |
| 10475            | 32m 1s       | 58%              |
| 10500            | 32m 6s       | 58.25%           |
| 10525            | 32m 10s      | 58.25%           |
| 10550            | 32m 15s      | 58.5%            |
| 10575            | 32m 19s      | 58.75%           |
| 10600            | 32m 24s      | 58.75%           |
| 10625            | 32m 28s      | 59%              |
| 10650            | 32m 33s      | 59%              |
| 10675            | 32m 37s      | 59.25%           |
| 10700            | 32m 42s      | 59.25%           |
| 10725            | 32m 46s      | 59.5%            |
| 10750            | 32m 51s      | 59.5%            |
| 10775            | 32m 55s      | 59.75%           |
| 10800            | 33m 0s       | 60%              |
| 10825            | 33m 4s       | 60%              |
| 10850            | 33m 9s       | 60.25%           |
| 10875            | 33m 13s      | 60.25%           |
| 10900            | 33m 18s      | 60.5%            |
| 10925            | 33m 22s      | 60.5%            |
| 10950            | 33m 27s      | 60.75%           |
| 10975            | 33m 31s      | 60.75%           |
| 11000            | 33m 36s      | 61%              |
| 11025            | 33m 40s      | 61.25%           |
| 11050            | 33m 45s      | 61.25%           |
| 11075            | 33m 49s      | 61.5%            |
| 11100            | 33m 54s      | 61.5%            |
| 11125            | 33m 58s      | 61.75%           |
| 11150            | 34m 3s       | 61.75%           |
| 11175            | 34m 7s       | 62%              |
| 11200            | 34m 12s      | 62%              |
| 11225            | 34m 16s      | 62.25%           |
| 11250            | 34m 21s      | 62.5%            |
| 11275            | 34m 25s      | 62.5%            |
| 11300            | 34m 30s      | 62.75%           |
| 11325            | 34m 34s      | 62.75%           |
| 11350            | 34m 41s      | 63%              |
| 11375            | 34m 46s      | 63%              |
| 11400            | 34m 50s      | 63.25%           |
| 11425            | 34m 55s      | 63.25%           |
| 11450            | 34m 59s      | 63.5%            |
| 11475            | 35m 4s       | 63.75%           |
| 11500            | 35m 8s       | 63.75%           |
| 11525            | 35m 13s      | 64%              |
| 11550            | 35m 17s      | 64%              |
| 11575            | 35m 22s      | 64.25%           |
| 11600            | 35m 26s      | 64.25%           |
| 11625            | 35m 31s      | 64.5%            |
| 11650            | 35m 35s      | 64.5%            |
| 11675            | 35m 40s      | 64.75%           |
| 11700            | 35m 44s      | 65%              |
| 11725            | 35m 49s      | 65%              |
| 11750            | 35m 53s      | 65.25%           |
| 11775            | 35m 58s      | 65.25%           |
| 11800            | 36m 2s       | 65.5%            |
| 11825            | 36m 7s       | 65.5%            |
| 11850            | 36m 11s      | 65.75%           |
| 11875            | 36m 16s      | 65.75%           |
| 11900            | 36m 20s      | 66%              |
| 11925            | 36m 26s      | 66.25%           |
| 11950            | 36m 30s      | 66.25%           |
| 11975            | 36m 35s      | 66.5%            |
| 12000            | 36m 39s      | 66.5%            |
| 12025            | 36m 44s      | 66.75%           |
| 12050            | 36m 48s      | 66.75%           |
| 12075            | 36m 53s      | 67%              |
| 12100            | 36m 57s      | 67%              |
| 12125            | 37m 2s       | 67.25%           |
| 12150            | 37m 6s       | 67.5%            |
| 12175            | 37m 11s      | 67.5%            |
| 12200            | 37m 15s      | 67.75%           |
| 12225            | 37m 20s      | 67.75%           |
| 12250            | 37m 24s      | 68%              |
| 12275            | 37m 29s      | 68%              |
| 12300            | 37m 33s      | 68.25%           |
| 12325            | 37m 38s      | 68.25%           |
| 12350            | 37m 42s      | 68.5%            |
| 12375            | 37m 47s      | 68.75%           |
| 12400            | 37m 51s      | 68.75%           |
| 12425            | 37m 56s      | 69%              |
| 12450            | 38m 0s       | 69%              |
| 12475            | 38m 5s       | 69.25%           |
| 12500            | 38m 9s       | 69.25%           |
| 12525            | 38m 14s      | 69.5%            |
| 12550            | 38m 18s      | 69.5%            |
| 12575            | 38m 23s      | 69.75%           |
| 12600            | 38m 27s      | 70%              |
| 12625            | 38m 32s      | 70%              |
| 12650            | 38m 36s      | 70.25%           |
| 12675            | 38m 41s      | 70.25%           |
| 12700            | 38m 45s      | 70.5%            |
| 12725            | 38m 50s      | 70.5%            |
| 12750            | 38m 54s      | 70.75%           |
| 12775            | 38m 59s      | 70.75%           |
| 12800            | 39m 3s       | 71%              |
| 12825            | 39m 8s       | 71.25%           |
| 12850            | 39m 12s      | 71.25%           |
| 12875            | 39m 17s      | 71.5%            |
| 12900            | 39m 21s      | 71.5%            |
| 12925            | 39m 26s      | 71.75%           |
| 12950            | 39m 30s      | 71.75%           |
| 12975            | 39m 35s      | 72%              |
| 13000            | 39m 39s      | 72%              |
| 13025            | 39m 44s      | 72.25%           |
| 13050            | 39m 48s      | 72.5%            |
| 13075            | 39m 53s      | 72.5%            |
| 13100            | 39m 57s      | 72.75%           |
| 13125            | 40m 2s       | 72.75%           |
| 13150            | 40m 6s       | 73%              |
| 13175            | 40m 11s      | 73%              |
| 13200            | 40m 15s      | 73.25%           |
| 13225            | 40m 20s      | 73.25%           |
| 13250            | 40m 24s      | 73.5%            |
| 13275            | 40m 29s      | 73.75%           |
| 13300            | 40m 33s      | 73.75%           |
| 13325            | 40m 38s      | 74%              |
| 13350            | 40m 42s      | 74%              |
| 13375            | 40m 47s      | 74.25%           |
| 13400            | 40m 51s      | 74.25%           |
| 13425            | 40m 56s      | 74.5%            |
| 13450            | 41m 0s       | 74.5%            |
| 13475            | 41m 5s       | 74.75%           |
| 13500            | 41m 9s       | 75%              |
| 13525            | 41m 14s      | 75%              |
| 13550            | 41m 18s      | 75.25%           |
| 13575            | 41m 23s      | 75.25%           |
| 13600            | 41m 28s      | 75.5%            |
| 13625            | 41m 32s      | 75.5%            |
| 13650            | 41m 37s      | 75.75%           |
| 13675            | 41m 41s      | 75.75%           |
| 13700            | 41m 46s      | 76%              |
| 13725            | 41m 50s      | 76.25%           |
| 13750            | 41m 55s      | 76.25%           |
| 13775            | 41m 59s      | 76.5%            |
| 13800            | 42m 4s       | 76.5%            |
| 13825            | 42m 8s       | 76.75%           |
| 13850            | 42m 13s      | 76.75%           |
| 13875            | 42m 17s      | 77%              |
| 13900            | 42m 22s      | 77%              |
| 13925            | 42m 26s      | 77.25%           |
| 13950            | 42m 31s      | 77.5%            |
| 13975            | 42m 36s      | 77.5%            |
| 14000            | 42m 40s      | 77.75%           |
| 14025            | 42m 44s      | 77.75%           |
| 14050            | 42m 49s      | 78%              |
| 14075            | 42m 53s      | 78%              |
| 14100            | 42m 58s      | 78.25%           |
| 14125            | 43m 2s       | 78.25%           |
| 14150            | 43m 7s       | 78.5%            |
| 14175            | 43m 11s      | 78.75%           |
| 14200            | 43m 16s      | 78.75%           |
| 14225            | 43m 20s      | 79%              |
| 14250            | 43m 25s      | 79%              |
| 14275            | 43m 29s      | 79.25%           |
| 14300            | 43m 34s      | 79.25%           |
| 14325            | 43m 38s      | 79.5%            |
| 14350            | 43m 43s      | 79.5%            |
| 14375            | 43m 47s      | 79.75%           |
| 14400            | 43m 52s      | 80%              |
| 14425            | 43m 56s      | 80%              |
| 14450            | 44m 1s       | 80.25%           |
| 14475            | 44m 5s       | 80.25%           |
| 14500            | 44m 10s      | 80.5%            |
| 14525            | 44m 14s      | 80.5%            |
| 14550            | 44m 19s      | 80.75%           |
| 14575            | 44m 23s      | 80.75%           |
| 14600            | 44m 28s      | 81%              |
| 14625            | 44m 32s      | 81.25%           |
| 14650            | 44m 37s      | 81.25%           |
| 14675            | 44m 41s      | 81.5%            |
| 14700            | 44m 46s      | 81.5%            |
| 14725            | 44m 50s      | 81.75%           |
| 14750            | 44m 55s      | 81.75%           |
| 14775            | 44m 59s      | 82%              |
| 14800            | 45m 4s       | 82%              |
| 14825            | 45m 8s       | 82.25%           |
| 14850            | 45m 13s      | 82.5%            |
| 14875            | 45m 17s      | 82.5%            |
| 14900            | 45m 22s      | 82.75%           |
| 14925            | 45m 26s      | 82.75%           |
| 14950            | 45m 31s      | 83%              |
| 14975            | 45m 35s      | 83%              |
| 15000            | 45m 40s      | 83.25%           |
| 15025            | 45m 44s      | 83.25%           |
| 15050            | 45m 49s      | 83.5%            |
| 15075            | 45m 53s      | 83.75%           |
| 15100            | 45m 58s      | 83.75%           |
| 15125            | 46m 2s       | 84%              |
| 15150            | 46m 7s       | 84%              |
| 15175            | 46m 11s      | 84.25%           |
| 15200            | 46m 16s      | 84.25%           |
| 15225            | 46m 20s      | 84.5%            |
| 15250            | 46m 25s      | 84.5%            |
| 15275            | 46m 29s      | 84.75%           |
| 15300            | 46m 34s      | 85%              |
| 15325            | 46m 38s      | 85%              |
| 15350            | 46m 43s      | 85.25%           |
| 15375            | 46m 47s      | 85.25%           |
| 15400            | 46m 52s      | 85.5%            |
| 15425            | 46m 56s      | 85.5%            |
| 15450            | 47m 1s       | 85.75%           |
| 15475            | 47m 5s       | 85.75%           |
| 15500            | 47m 10s      | 86%              |
| 15525            | 47m 14s      | 86.25%           |
| 15550            | 47m 19s      | 86.25%           |
| 15575            | 47m 23s      | 86.5%            |
| 15600            | 47m 28s      | 86.5%            |
| 15625            | 47m 32s      | 86.75%           |
| 15650            | 47m 37s      | 86.75%           |
| 15675            | 47m 41s      | 87%              |
| 15700            | 47m 46s      | 87%              |
| 15725            | 47m 50s      | 87.25%           |
| 15750            | 47m 55s      | 87.5%            |
| 15775            | 47m 59s      | 87.5%            |
| 15800            | 48m 4s       | 87.75%           |
| 15825            | 48m 9s       | 87.75%           |
| 15850            | 48m 13s      | 88%              |
| 15875            | 48m 18s      | 88%              |
| 15900            | 48m 23s      | 88.25%           |
| 15925            | 48m 27s      | 88.25%           |
| 15950            | 48m 32s      | 88.5%            |
| 15975            | 48m 36s      | 88.75%           |
| 16000            | 48m 41s      | 88.75%           |
| 16025            | 48m 45s      | 89%              |
| 16050            | 48m 50s      | 89%              |
| 16075            | 48m 54s      | 89.25%           |
| 16100            | 48m 59s      | 89.25%           |
| 16125            | 49m 3s       | 89.5%            |
| 16150            | 49m 8s       | 89.5%            |
| 16175            | 49m 12s      | 89.75%           |
| 16200            | 49m 17s      | 90%              |
| 16225            | 49m 21s      | 90%              |
| 16250            | 49m 26s      | 90.25%           |
| 16275            | 49m 30s      | 90.25%           |
| 16300            | 49m 35s      | 90.5%            |
| 16325            | 49m 39s      | 90.5%            |
| 16350            | 49m 44s      | 90.75%           |
| 16375            | 49m 48s      | 90.75%           |
| 16400            | 49m 53s      | 91%              |
| 16425            | 49m 57s      | 91.25%           |
| 16450            | 50m 2s       | 91.25%           |
| 16475            | 50m 6s       | 91.5%            |
| 16500            | 50m 11s      | 91.5%            |
| 16525            | 50m 15s      | 91.75%           |
| 16550            | 50m 20s      | 91.75%           |
| 16575            | 50m 24s      | 92%              |
| 16600            | 50m 29s      | 92%              |
| 16625            | 50m 33s      | 92.25%           |
| 16650            | 50m 38s      | 92.5%            |
| 16675            | 50m 42s      | 92.5%            |
| 16700            | 50m 47s      | 92.75%           |
| 16725            | 50m 52s      | 92.75%           |
| 16750            | 50m 57s      | 93%              |
| 16775            | 51m 1s       | 93%              |
| 16800            | 51m 6s       | 93.25%           |
| 16825            | 51m 10s      | 93.25%           |
| 16850            | 51m 15s      | 93.5%            |
| 16875            | 51m 19s      | 93.75%           |
| 16900            | 51m 24s      | 93.75%           |
| 16925            | 51m 28s      | 94%              |
| 16950            | 51m 33s      | 94%              |
| 16975            | 51m 37s      | 94.25%           |
| 17000            | 51m 42s      | 94.25%           |
| 17025            | 51m 46s      | 94.5%            |
| 17050            | 51m 51s      | 94.5%            |
| 17075            | 51m 55s      | 94.75%           |
| 17100            | 52m 0s       | 95%              |
| 17125            | 52m 4s       | 95%              |
| 17150            | 52m 9s       | 95.25%           |
| 17175            | 52m 13s      | 95.25%           |
| 17200            | 52m 18s      | 95.5%            |
| 17225            | 52m 22s      | 95.5%            |
| 17250            | 52m 27s      | 95.75%           |
| 17275            | 52m 31s      | 95.75%           |
| 17300            | 52m 36s      | 96%              |
| 17325            | 52m 40s      | 96.25%           |
| 17350            | 52m 45s      | 96.25%           |
| 17375            | 52m 49s      | 96.5%            |
| 17400            | 52m 54s      | 96.5%            |
| 17425            | 52m 58s      | 96.75%           |
| 17450            | 53m 3s       | 96.75%           |
| 17475            | 53m 7s       | 97%              |
| 17500            | 53m 12s      | 97%              |
| 17525            | 53m 16s      | 97.25%           |
| 17550            | 53m 21s      | 97.5%            |
| 17575            | 53m 25s      | 97.5%            |
| 17600            | 53m 30s      | 97.75%           |
| 17625            | 53m 34s      | 97.75%           |
| 17650            | 53m 39s      | 98%              |
| 17675            | 53m 43s      | 98%              |
| 17700            | 53m 49s      | 98.25%           |
| 17725            | 53m 54s      | 98.25%           |
| 17750            | 53m 58s      | 98.5%            |
| 17775            | 54m 3s       | 98.75%           |
| 17800            | 54m 7s       | 98.75%           |
| 17825            | 54m 12s      | 99%              |
| 17850            | 54m 16s      | 99%              |
| 17875            | 54m 21s      | 99.25%           |
| 17900            | 54m 25s      | 99.25%           |
| 17925            | 54m 30s      | 99.5%            |
| 17950            | 54m 34s      | 99.5%            |
| 17975            | 54m 39s      | 99.75%           |
| 17995            | 54m 42s      | 100%             |
| 17994            | 54m 42s      | 99.75%           |
+------------------+--------------+------------------+
Automatically generating validation set from 5% of the data.
Beginning model training on processed features. 
Calibrating solver; this may take some time.
+-----------+--------------+-------------------+---------------------+
| Iteration | Elapsed Time | Training Accuracy | Validation Accuracy |
+-----------+--------------+-------------------+---------------------+
| 0         | 0.520930     | 0.109621          | 0.106754            |
| 1         | 3.669352     | 0.107630          | 0.106754            |
| 2         | 5.810827     | 0.364115          | 0.371460            |
| 3         | 6.966969     | 0.168004          | 0.164488            |
| 4         | 8.613626     | 0.409147          | 0.388889            |
| 5         | 9.694667     | 0.481818          | 0.467320            |
| 10        | 15.128046    | 0.559817          | 0.551198            |
| 15        | 20.791281    | 0.672191          | 0.656863            |
| 20        | 26.175072    | 0.747555          | 0.729847            |
| 25        | 32.036690    | 0.781695          | 0.771242            |
| 30        | 37.950432    | 0.831762          | 0.813725            |
| 35        | 43.800272    | 0.861978          | 0.849673            |
| 40        | 49.107532    | 0.882122          | 0.867102            |
| 45        | 55.162763    | 0.902618          | 0.885621            |
| 50        | 60.725126    | 0.917199          | 0.898693            |
| 55        | 66.486308    | 0.929203          | 0.904139            |
| 60        | 71.795693    | 0.937518          | 0.912854            |
| 65        | 77.744272    | 0.940680          | 0.921569            |
| 70        | 83.638979    | 0.956198          | 0.933551            |
| 75        | 89.003881    | 0.964455          | 0.942266            |
| 80        | 94.390088    | 0.970311          | 0.945534            |
| 85        | 99.748432    | 0.974059          | 0.947712            |
| 90        | 105.462125   | 0.977162          | 0.950980            |
| 95        | 110.832056   | 0.979797          | 0.947712            |
| 100       | 116.289695   | 0.984306          | 0.954248            |
| 105       | 122.011934   | 0.988113          | 0.955338            |
| 110       | 128.042255   | 0.990689          | 0.957516            |
| 115       | 133.435134   | 0.993676          | 0.954248            |
| 120       | 139.418100   | 0.994496          | 0.956427            |
| 125       | 144.878197   | 0.997248          | 0.959695            |
| 130       | 150.081100   | 0.998302          | 0.959695            |
| 135       | 155.509240   | 0.998946          | 0.959695            |
| 140       | 160.912782   | 0.999414          | 0.964052            |
| 145       | 166.643687   | 0.999590          | 0.957516            |
| 150       | 172.044361   | 0.999941          | 0.959695            |
| 155       | 177.415233   | 1.000000          | 0.958606            |
| 160       | 182.732134   | 1.000000          | 0.955338            |
| 165       | 188.102413   | 1.000000          | 0.960784            |
| 170       | 193.349127   | 1.000000          | 0.960784            |
| 175       | 199.385826   | 1.000000          | 0.957516            |
| 180       | 205.095848   | 1.000000          | 0.957516            |
| 185       | 211.489137   | 1.000000          | 0.960784            |
| 190       | 217.374019   | 1.000000          | 0.965142            |
| 195       | 222.637427   | 1.000000          | 0.964052            |
| 200       | 228.764552   | 1.000000          | 0.966231            |
| 205       | 234.638424   | 1.000000          | 0.966231            |
| 210       | 240.771362   | 1.000000          | 0.967320            |
| 215       | 246.593481   | 1.000000          | 0.969499            |
| 220       | 254.659030   | 1.000000          | 0.967320            |
| 225       | 262.750546   | 1.000000          | 0.967320            |
| 230       | 270.266330   | 1.000000          | 0.965142            |
| 235       | 276.704027   | 1.000000          | 0.965142            |
| 240       | 282.181181   | 1.000000          | 0.964052            |
| 245       | 289.483917   | 1.000000          | 0.966231            |
| 250       | 296.537670   | 1.000000          | 0.966231            |
| 255       | 302.955186   | 1.000000          | 0.967320            |
| 260       | 310.427631   | 1.000000          | 0.965142            |
| 265       | 318.034997   | 1.000000          | 0.965142            |
| 270       | 325.506412   | 1.000000          | 0.965142            |
| 275       | 332.416661   | 1.000000          | 0.967320            |
| 280       | 339.830446   | 1.000000          | 0.965142            |
| 285       | 347.755297   | 1.000000          | 0.966231            |
| 290       | 355.050696   | 1.000000          | 0.968410            |
| 295       | 360.924417   | 1.000000          | 0.969499            |
| 300       | 366.822294   | 1.000000          | 0.969499            |
| 305       | 374.367065   | 1.000000          | 0.968410            |
| 310       | 381.749099   | 1.000000          | 0.967320            |
| 315       | 389.311041   | 1.000000          | 0.968410            |
| 320       | 396.231537   | 1.000000          | 0.968410            |
| 325       | 404.059603   | 1.000000          | 0.969499            |
| 330       | 411.549159   | 1.000000          | 0.968410            |
| 335       | 419.708388   | 1.000000          | 0.969499            |
| 340       | 426.054681   | 1.000000          | 0.967320            |
| 345       | 434.698160   | 1.000000          | 0.968410            |
| 350       | 441.095642   | 1.000000          | 0.969499            |
| 355       | 449.080134   | 1.000000          | 0.969499            |
| 360       | 455.010051   | 1.000000          | 0.973856            |
| 365       | 464.048605   | 1.000000          | 0.970588            |
| 370       | 471.131029   | 1.000000          | 0.970588            |
| 375       | 478.573613   | 1.000000          | 0.972767            |
| 380       | 485.415026   | 1.000000          | 0.971678            |
| 385       | 493.480377   | 1.000000          | 0.970588            |
| 390       | 500.446017   | 1.000000          | 0.970588            |
| 395       | 506.826413   | 1.000000          | 0.970588            |
| 400       | 513.912505   | 1.000000          | 0.970588            |
| 405       | 521.170525   | 1.000000          | 0.969499            |
| 410       | 529.376911   | 1.000000          | 0.970588            |
| 415       | 536.376913   | 1.000000          | 0.972767            |
| 420       | 544.330630   | 1.000000          | 0.972767            |
| 425       | 551.928866   | 1.000000          | 0.973856            |
| 430       | 557.201531   | 1.000000          | 0.974946            |
| 435       | 564.780067   | 1.000000          | 0.976035            |
| 440       | 571.056995   | 1.000000          | 0.974946            |
| 445       | 578.310739   | 1.000000          | 0.974946            |
| 450       | 585.552663   | 1.000000          | 0.974946            |
| 455       | 592.485081   | 1.000000          | 0.974946            |
| 460       | 598.221338   | 1.000000          | 0.974946            |
| 465       | 603.967484   | 1.000000          | 0.974946            |
| 470       | 611.817324   | 1.000000          | 0.974946            |
| 475       | 619.141473   | 1.000000          | 0.974946            |
| 480       | 625.930098   | 1.000000          | 0.974946            |
| 485       | 633.832591   | 1.000000          | 0.973856            |
| 490       | 641.246574   | 1.000000          | 0.974946            |
| 495       | 647.964592   | 1.000000          | 0.974946            |
| 500       | 654.108460   | 1.000000          | 0.973856            |
| 505       | 659.807546   | 1.000000          | 0.974946            |
| 510       | 667.032514   | 1.000000          | 0.974946            |
| 515       | 674.200271   | 1.000000          | 0.974946            |
| 520       | 681.548943   | 1.000000          | 0.974946            |
| 525       | 688.263158   | 1.000000          | 0.974946            |
| 530       | 694.512134   | 1.000000          | 0.974946            |
| 535       | 700.692356   | 1.000000          | 0.976035            |
| 540       | 707.505227   | 1.000000          | 0.976035            |
| 545       | 714.703172   | 1.000000          | 0.977124            |
| 550       | 722.005827   | 1.000000          | 0.977124            |
| 555       | 728.318934   | 1.000000          | 0.978214            |
| 560       | 735.715425   | 1.000000          | 0.977124            |
| 565       | 743.830379   | 1.000000          | 0.978214            |
| 570       | 750.603888   | 1.000000          | 0.977124            |
| 575       | 756.507567   | 1.000000          | 0.977124            |
| 580       | 761.882070   | 1.000000          | 0.978214            |
| 585       | 767.218934   | 1.000000          | 0.978214            |
| 590       | 773.131062   | 1.000000          | 0.976035            |
| 595       | 778.988115   | 1.000000          | 0.976035            |
| 600       | 784.294342   | 1.000000          | 0.977124            |
| 605       | 789.760782   | 1.000000          | 0.977124            |
| 610       | 794.999854   | 1.000000          | 0.977124            |
| 615       | 800.859507   | 1.000000          | 0.977124            |
| 620       | 806.695029   | 1.000000          | 0.977124            |
| 625       | 811.869480   | 1.000000          | 0.977124            |
| 630       | 817.286642   | 1.000000          | 0.977124            |
| 635       | 822.661214   | 1.000000          | 0.978214            |
| 640       | 827.877326   | 1.000000          | 0.974946            |
| 645       | 833.251568   | 1.000000          | 0.976035            |
| 650       | 839.065237   | 1.000000          | 0.977124            |
| 655       | 845.030403   | 1.000000          | 0.974946            |
| 660       | 850.753206   | 1.000000          | 0.977124            |
| 665       | 856.050280   | 1.000000          | 0.976035            |
| 670       | 861.960566   | 1.000000          | 0.976035            |
| 675       | 868.364628   | 1.000000          | 0.976035            |
| 680       | 873.654219   | 1.000000          | 0.976035            |
| 685       | 880.097646   | 1.000000          | 0.977124            |
| 690       | 887.116541   | 1.000000          | 0.977124            |
| 695       | 893.970148   | 1.000000          | 0.976035            |
| 700       | 899.268818   | 1.000000          | 0.977124            |
| 705       | 906.679651   | 1.000000          | 0.976035            |
| 710       | 911.891504   | 1.000000          | 0.976035            |
| 715       | 917.239272   | 1.000000          | 0.976035            |
| 720       | 923.040021   | 1.000000          | 0.977124            |
| 725       | 928.810305   | 1.000000          | 0.977124            |
| 730       | 934.036429   | 1.000000          | 0.977124            |
| 735       | 941.578091   | 1.000000          | 0.977124            |
+-----------+--------------+-------------------+---------------------+
SUCCESS: Optimal solution found.
IMAGE CLASSIFIER:
ImageClassifier

Parameters
Feature Extractor: ScenePrint
MaxIterations: 1000

Performance on Training Data
Number of examples: 17077
Number of classes: 10
Accuracy: 100.00%

Performance on Validation Data
Number of examples: 918
Number of classes: 10
Accuracy: 97.71%

SAVING MODEL TO ./Models/DistractedDriverClassifier.mlmodel
Trained model successfully saved at /Volumes/MEDIA&DEV/dev/ML_data/DistractedDriver/DistractedDriverCreateML/DistractedDriverCreateML/Models/DistractedDriverClassifier.mlmodel.

PRINTING SOME PREDICTIONS FOR IMAGES:
PREDICTIONS FOR LABEL c3:
	Predicting image 0 as c4
	Predicting image 1 as c3
	Predicting image 2 as c3
	Predicting image 3 as c3
	Predicting image 4 as c3
	Predicting image 5 as c3
	Predicting image 6 as c3
	Predicting image 7 as c3
	Predicting image 8 as c3
	Predicting image 9 as c9
PREDICTIONS FOR LABEL c5:
	Predicting image 0 as c5
	Predicting image 1 as c7
	Predicting image 2 as c5
	Predicting image 3 as c5
	Predicting image 4 as c7
	Predicting image 5 as c9
	Predicting image 6 as c3
	Predicting image 7 as c5
	Predicting image 8 as c3
	Predicting image 9 as c2
PREDICTIONS FOR LABEL c7:
	Predicting image 0 as c9
	Predicting image 1 as c7
	Predicting image 2 as c7
	Predicting image 3 as c7
	Predicting image 4 as c7
	Predicting image 5 as c7
	Predicting image 6 as c7
	Predicting image 7 as c1
	Predicting image 8 as c7
	Predicting image 9 as c8
PREDICTIONS FOR LABEL c4:
	Predicting image 0 as c3
	Predicting image 1 as c4
	Predicting image 2 as c4
	Predicting image 3 as c8
	Predicting image 4 as c4
	Predicting image 5 as c4
	Predicting image 6 as c4
	Predicting image 7 as c4
	Predicting image 8 as c3
	Predicting image 9 as c4
PREDICTIONS FOR LABEL c2:
	Predicting image 0 as c2
	Predicting image 1 as c2
	Predicting image 2 as c6
	Predicting image 3 as c2
	Predicting image 4 as c0
	Predicting image 5 as c2
	Predicting image 6 as c2
	Predicting image 7 as c2
	Predicting image 8 as c2
	Predicting image 9 as c2
PREDICTIONS FOR LABEL c0:
	Predicting image 0 as c3
	Predicting image 1 as c0
	Predicting image 2 as c0
	Predicting image 3 as c0
	Predicting image 4 as c0
	Predicting image 5 as c3
	Predicting image 6 as c0
	Predicting image 7 as c0
	Predicting image 8 as c0
	Predicting image 9 as c3
PREDICTIONS FOR LABEL c8:
	Predicting image 0 as c8
	Predicting image 1 as c8
	Predicting image 2 as c2
	Predicting image 3 as c8
	Predicting image 4 as c8
	Predicting image 5 as c8
	Predicting image 6 as c0
	Predicting image 7 as c8
	Predicting image 8 as c8
	Predicting image 9 as c8
PREDICTIONS FOR LABEL c6:
	Predicting image 0 as c6
	Predicting image 1 as c6
	Predicting image 2 as c7
	Predicting image 3 as c0
	Predicting image 4 as c6
	Predicting image 5 as c0
	Predicting image 6 as c6
	Predicting image 7 as c6
	Predicting image 8 as c6
	Predicting image 9 as c2
PREDICTIONS FOR LABEL c9:
	Predicting image 0 as c9
	Predicting image 1 as c9
	Predicting image 2 as c8
	Predicting image 3 as c4
	Predicting image 4 as c0
	Predicting image 5 as c9
	Predicting image 6 as c0
	Predicting image 7 as c2
	Predicting image 8 as c1
	Predicting image 9 as c9
PREDICTIONS FOR LABEL c1:
	Predicting image 0 as c6
	Predicting image 1 as c1
	Predicting image 2 as c1
	Predicting image 3 as c6
	Predicting image 4 as c1
	Predicting image 5 as c9
	Predicting image 6 as c1
	Predicting image 7 as c0
	Predicting image 8 as c1
	Predicting image 9 as c1
Extracting image features from evaluation data.
Analyzing and extracting image features.
+------------------+--------------+------------------+
| Images Processed | Elapsed Time | Percent Complete |
+------------------+--------------+------------------+
| 1                | 180.799ms    | 0%               |
| 2                | 358.255ms    | 0%               |
| 3                | 535.763ms    | 0%               |
| 4                | 713.088ms    | 0%               |
| 5                | 890.164ms    | 0%               |
| 10               | 1.77s        | 0%               |
| 25               | 4.44s        | 0.5%             |
| 50               | 8.89s        | 1%               |
| 75               | 13.34s       | 1.5%             |
| 100              | 19.77s       | 2%               |
| 125              | 24.22s       | 2.75%            |
| 150              | 28.69s       | 3.25%            |
| 175              | 33.12s       | 3.75%            |
| 200              | 37.57s       | 4.25%            |
| 225              | 42.01s       | 5%               |
| 250              | 46.76s       | 5.5%             |
| 275              | 51.22s       | 6%               |
| 300              | 55.66s       | 6.5%             |
| 325              | 1m 1s        | 7.25%            |
| 350              | 1m 5s        | 7.75%            |
| 375              | 1m 10s       | 8.25%            |
| 400              | 1m 14s       | 8.75%            |
| 425              | 1m 19s       | 9.5%             |
| 450              | 1m 23s       | 10%              |
| 475              | 1m 28s       | 10.5%            |
| 500              | 1m 32s       | 11%              |
| 525              | 1m 37s       | 11.75%           |
| 550              | 1m 41s       | 12.25%           |
| 575              | 1m 45s       | 12.75%           |
| 600              | 1m 50s       | 13.25%           |
| 625              | 1m 54s       | 13.75%           |
| 650              | 1m 59s       | 14.5%            |
| 675              | 2m 3s        | 15%              |
| 700              | 2m 8s        | 15.5%            |
| 725              | 2m 12s       | 16%              |
| 750              | 2m 17s       | 16.75%           |
| 775              | 2m 21s       | 17.25%           |
| 800              | 2m 25s       | 17.75%           |
| 825              | 2m 30s       | 18.25%           |
| 850              | 2m 34s       | 19%              |
| 875              | 2m 39s       | 19.5%            |
| 900              | 2m 43s       | 20%              |
| 925              | 2m 48s       | 20.5%            |
| 950              | 2m 52s       | 21.25%           |
| 975              | 2m 57s       | 21.75%           |
| 1000             | 3m 1s        | 22.25%           |
| 1025             | 3m 5s        | 22.75%           |
| 1050             | 3m 10s       | 23.5%            |
| 1075             | 3m 14s       | 24%              |
| 1100             | 3m 19s       | 24.5%            |
| 1125             | 3m 23s       | 25%              |
| 1150             | 3m 28s       | 25.5%            |
| 1175             | 3m 32s       | 26.25%           |
| 1200             | 3m 37s       | 26.75%           |
| 1225             | 3m 41s       | 27.25%           |
| 1250             | 3m 45s       | 27.75%           |
| 1275             | 3m 50s       | 28.5%            |
| 1300             | 3m 54s       | 29%              |
| 1325             | 3m 59s       | 29.5%            |
| 1350             | 4m 3s        | 30%              |
| 1375             | 4m 8s        | 30.75%           |
| 1400             | 4m 12s       | 31.25%           |
| 1425             | 4m 17s       | 31.75%           |
| 1450             | 4m 21s       | 32.25%           |
| 1475             | 4m 25s       | 33%              |
| 1500             | 4m 30s       | 33.5%            |
| 1525             | 4m 34s       | 34%              |
| 1550             | 4m 39s       | 34.5%            |
| 1575             | 4m 43s       | 35.25%           |
| 1600             | 4m 48s       | 35.75%           |
| 1625             | 4m 52s       | 36.25%           |
| 1650             | 4m 57s       | 36.75%           |
| 1675             | 5m 1s        | 37.25%           |
| 1700             | 5m 5s        | 38%              |
| 1725             | 5m 10s       | 38.5%            |
| 1750             | 5m 14s       | 39%              |
| 1775             | 5m 19s       | 39.5%            |
| 1800             | 5m 23s       | 40.25%           |
| 1825             | 5m 28s       | 40.75%           |
| 1850             | 5m 32s       | 41.25%           |
| 1875             | 5m 37s       | 41.75%           |
| 1900             | 5m 41s       | 42.5%            |
| 1925             | 5m 45s       | 43%              |
| 1950             | 5m 50s       | 43.5%            |
| 1975             | 5m 54s       | 44%              |
| 2000             | 5m 59s       | 44.75%           |
| 2025             | 6m 3s        | 45.25%           |
| 2050             | 6m 8s        | 45.75%           |
| 2075             | 6m 12s       | 46.25%           |
| 2100             | 6m 17s       | 47%              |
| 2125             | 6m 21s       | 47.5%            |
| 2150             | 6m 26s       | 48%              |
| 2175             | 6m 30s       | 48.5%            |
| 2200             | 6m 34s       | 49.25%           |
| 2225             | 6m 39s       | 49.75%           |
| 2250             | 6m 43s       | 50.25%           |
| 2275             | 6m 48s       | 50.75%           |
| 2300             | 6m 52s       | 51.25%           |
| 2325             | 6m 57s       | 52%              |
| 2350             | 7m 1s        | 52.5%            |
| 2375             | 7m 6s        | 53%              |
| 2400             | 7m 10s       | 53.5%            |
| 2425             | 7m 14s       | 54.25%           |
| 2450             | 7m 19s       | 54.75%           |
| 2475             | 7m 23s       | 55.25%           |
| 2500             | 7m 28s       | 55.75%           |
| 2525             | 7m 32s       | 56.5%            |
| 2550             | 7m 37s       | 57%              |
| 2575             | 7m 41s       | 57.5%            |
| 2600             | 7m 46s       | 58%              |
| 2625             | 7m 50s       | 58.75%           |
| 2650             | 7m 54s       | 59.25%           |
| 2675             | 7m 59s       | 59.75%           |
| 2700             | 8m 3s        | 60.25%           |
| 2725             | 8m 8s        | 61%              |
| 2750             | 8m 12s       | 61.5%            |
| 2775             | 8m 17s       | 62%              |
| 2800             | 8m 21s       | 62.5%            |
| 2825             | 8m 26s       | 63%              |
| 2850             | 8m 31s       | 63.75%           |
| 2875             | 8m 35s       | 64.25%           |
| 2900             | 8m 40s       | 64.75%           |
| 2925             | 8m 45s       | 65.25%           |
| 2950             | 8m 49s       | 66%              |
| 2975             | 8m 54s       | 66.5%            |
| 3000             | 8m 58s       | 67%              |
| 3025             | 9m 3s        | 67.5%            |
| 3050             | 9m 7s        | 68.25%           |
| 3075             | 9m 12s       | 68.75%           |
| 3100             | 9m 16s       | 69.25%           |
| 3125             | 9m 21s       | 69.75%           |
| 3150             | 9m 26s       | 70.5%            |
| 3175             | 9m 30s       | 71%              |
| 3200             | 9m 35s       | 71.5%            |
| 3225             | 9m 39s       | 72%              |
| 3250             | 9m 44s       | 72.75%           |
| 3275             | 9m 49s       | 73.25%           |
| 3300             | 9m 54s       | 73.75%           |
| 3325             | 9m 58s       | 74.25%           |
| 3350             | 10m 3s       | 74.75%           |
| 3375             | 10m 7s       | 75.5%            |
| 3400             | 10m 12s      | 76%              |
| 3425             | 10m 17s      | 76.5%            |
| 3450             | 10m 21s      | 77%              |
| 3475             | 10m 26s      | 77.75%           |
| 3500             | 10m 30s      | 78.25%           |
| 3525             | 10m 35s      | 78.75%           |
| 3550             | 10m 39s      | 79.25%           |
| 3575             | 10m 44s      | 80%              |
| 3600             | 10m 48s      | 80.5%            |
| 3625             | 10m 53s      | 81%              |
| 3650             | 10m 57s      | 81.5%            |
| 3675             | 11m 2s       | 82.25%           |
| 3700             | 11m 7s       | 82.75%           |
| 3725             | 11m 12s      | 83.25%           |
| 3750             | 11m 17s      | 83.75%           |
| 3775             | 11m 22s      | 84.5%            |
| 3800             | 11m 26s      | 85%              |
| 3825             | 11m 31s      | 85.5%            |
| 3850             | 11m 35s      | 86%              |
| 3875             | 11m 40s      | 86.5%            |
| 3900             | 11m 44s      | 87.25%           |
| 3925             | 11m 49s      | 87.75%           |
| 3950             | 11m 53s      | 88.25%           |
| 3975             | 11m 58s      | 88.75%           |
| 4000             | 12m 2s       | 89.5%            |
| 4025             | 12m 7s       | 90%              |
| 4050             | 12m 11s      | 90.5%            |
| 4075             | 12m 16s      | 91%              |
| 4100             | 12m 20s      | 91.75%           |
| 4125             | 12m 25s      | 92.25%           |
| 4150             | 12m 30s      | 92.75%           |
| 4175             | 12m 34s      | 93.25%           |
| 4200             | 12m 39s      | 94%              |
| 4225             | 12m 43s      | 94.5%            |
| 4250             | 12m 50s      | 95%              |
| 4275             | 12m 54s      | 95.5%            |
| 4300             | 12m 59s      | 96.25%           |
| 4325             | 13m 3s       | 96.75%           |
| 4350             | 13m 8s       | 97.25%           |
| 4375             | 13m 12s      | 97.75%           |
| 4400             | 13m 17s      | 98.5%            |
| 4425             | 13m 22s      | 99%              |
| 4450             | 13m 26s      | 99.5%            |
| 4467             | 13m 29s      | 100%             |
| 4466             | 13m 29s      | 99.75%           |
+------------------+--------------+------------------+
EVALUATION METRICS FOR MODEL:
----------------------------------
Number of examples: 4467
Number of classes: 10
Accuracy: 97.90%

******CONFUSION MATRIX******
----------------------------------
True\Pred c0   c1   c2   c3   c4   c5   c6   c7   c8   c9   
c0        492  5    0    3    1    2    0    2    3    13   
c1        2    444  0    0    0    0    1    0    0    3    
c2        1    0    458  0    0    0    0    0    1    1    
c3        2    0    0    470  1    0    1    0    0    2    
c4        3    0    0    0    489  0    0    1    1    0    
c5        0    1    1    0    0    420  0    0    0    1    
c6        0    0    0    0    0    0    457  1    1    0    
c7        1    1    0    0    0    1    0    391  4    3    
c8        0    1    3    2    3    1    1    3    357  6    
c9        3    0    1    0    0    1    0    2    3    395  

******PRECISION RECALL******
----------------------------------
Class Precision(%)   Recall(%)      
c0    97.62          94.43          
c1    98.23          98.67          
c2    98.92          99.35          
c3    98.95          98.74          
c4    98.99          98.99          
c5    98.82          99.29          
c6    99.35          99.56          
c7    97.75          97.51          
c8    96.49          94.69          
c9    93.16          97.53          



real	85m36.148s
user	76m35.980s
sys	20m13.986s
