No arguments are passed. Using default.
TRAINING IMAGE CLASSIFIER ON 16707 images in 10 CATEGORIES
Extracting image features from full data set.
Analyzing and extracting image features.
+------------------+--------------+------------------+
| Images Processed | Elapsed Time | Percent Complete |
+------------------+--------------+------------------+
2019-06-17 16:28:29.919335+0200 DistractedDriverCreateML[19099:1793712] flock failed to lock maps file: errno = 35
2019-06-17 16:28:30.120874+0200 DistractedDriverCreateML[19099:1793712] flock failed to lock maps file: errno = 35
| 1                | 1.88s        | 0%               |
| 2                | 2.15s        | 0%               |
| 3                | 2.38s        | 0%               |
| 4                | 2.60s        | 0%               |
| 5                | 2.81s        | 0%               |
| 10               | 3.76s        | 0%               |
| 25               | 6.57s        | 0%               |
| 50               | 11.17s       | 0.25%            |
| 75               | 15.76s       | 0.25%            |
| 100              | 20.35s       | 0.5%             |
| 125              | 24.93s       | 0.5%             |
| 150              | 29.55s       | 0.75%            |
| 175              | 34.15s       | 1%               |
| 200              | 38.75s       | 1%               |
| 225              | 43.35s       | 1.25%            |
| 250              | 47.96s       | 1.25%            |
| 275              | 52.57s       | 1.5%             |
| 300              | 57.17s       | 1.75%            |
| 325              | 1m 1s        | 1.75%            |
| 350              | 1m 6s        | 2%               |
| 375              | 1m 10s       | 2%               |
| 400              | 1m 15s       | 2.25%            |
| 425              | 1m 20s       | 2.5%             |
| 450              | 1m 24s       | 2.5%             |
| 475              | 1m 29s       | 2.75%            |
| 500              | 1m 34s       | 2.75%            |
| 525              | 1m 38s       | 3%               |
| 550              | 1m 43s       | 3.25%            |
| 575              | 1m 47s       | 3.25%            |
| 600              | 1m 52s       | 3.5%             |
| 625              | 1m 56s       | 3.5%             |
| 650              | 2m 1s        | 3.75%            |
| 675              | 2m 6s        | 4%               |
| 700              | 2m 10s       | 4%               |
| 725              | 2m 15s       | 4.25%            |
| 750              | 2m 19s       | 4.25%            |
| 775              | 2m 24s       | 4.5%             |
| 800              | 2m 29s       | 4.75%            |
| 825              | 2m 33s       | 4.75%            |
| 850              | 2m 38s       | 5%               |
| 875              | 2m 42s       | 5%               |
| 900              | 2m 47s       | 5.25%            |
| 925              | 2m 52s       | 5.5%             |
| 950              | 2m 56s       | 5.5%             |
| 975              | 3m 1s        | 5.75%            |
| 1000             | 3m 5s        | 5.75%            |
| 1025             | 3m 10s       | 6%               |
| 1050             | 3m 15s       | 6.25%            |
| 1075             | 3m 19s       | 6.25%            |
| 1100             | 3m 24s       | 6.5%             |
| 1125             | 3m 28s       | 6.5%             |
| 1150             | 3m 33s       | 6.75%            |
| 1175             | 3m 38s       | 7%               |
| 1200             | 3m 42s       | 7%               |
| 1225             | 3m 47s       | 7.25%            |
| 1250             | 3m 51s       | 7.25%            |
| 1275             | 3m 56s       | 7.5%             |
| 1300             | 4m 1s        | 7.75%            |
| 1325             | 4m 5s        | 7.75%            |
| 1350             | 4m 10s       | 8%               |
| 1375             | 4m 14s       | 8%               |
| 1400             | 4m 19s       | 8.25%            |
| 1425             | 4m 24s       | 8.5%             |
| 1450             | 4m 28s       | 8.5%             |
| 1475             | 4m 33s       | 8.75%            |
| 1500             | 4m 37s       | 8.75%            |
| 1525             | 4m 42s       | 9%               |
| 1550             | 4m 47s       | 9.25%            |
| 1575             | 4m 51s       | 9.25%            |
| 1600             | 4m 56s       | 9.5%             |
| 1625             | 5m 0s        | 9.5%             |
| 1650             | 5m 5s        | 9.75%            |
| 1675             | 5m 10s       | 10%              |
| 1700             | 5m 14s       | 10%              |
| 1725             | 5m 19s       | 10.25%           |
| 1750             | 5m 23s       | 10.25%           |
| 1775             | 5m 28s       | 10.5%            |
| 1800             | 5m 33s       | 10.75%           |
| 1825             | 5m 37s       | 10.75%           |
| 1850             | 5m 42s       | 11%              |
| 1875             | 5m 46s       | 11%              |
| 1900             | 5m 51s       | 11.25%           |
| 1925             | 5m 56s       | 11.5%            |
| 1950             | 6m 0s        | 11.5%            |
| 1975             | 6m 5s        | 11.75%           |
| 2000             | 6m 9s        | 11.75%           |
| 2025             | 6m 14s       | 12%              |
| 2050             | 6m 19s       | 12.25%           |
| 2075             | 6m 23s       | 12.25%           |
| 2100             | 6m 28s       | 12.5%            |
| 2125             | 6m 32s       | 12.5%            |
| 2150             | 6m 37s       | 12.75%           |
| 2175             | 6m 42s       | 13%              |
| 2200             | 6m 46s       | 13%              |
| 2225             | 6m 51s       | 13.25%           |
| 2250             | 6m 56s       | 13.25%           |
| 2275             | 7m 0s        | 13.5%            |
| 2300             | 7m 5s        | 13.75%           |
| 2325             | 7m 9s        | 13.75%           |
| 2350             | 7m 14s       | 14%              |
| 2375             | 7m 18s       | 14%              |
| 2400             | 7m 23s       | 14.25%           |
| 2425             | 7m 28s       | 14.5%            |
| 2450             | 7m 32s       | 14.5%            |
| 2475             | 7m 37s       | 14.75%           |
| 2500             | 7m 41s       | 14.75%           |
| 2525             | 7m 46s       | 15%              |
| 2550             | 7m 51s       | 15.25%           |
| 2575             | 7m 55s       | 15.25%           |
| 2600             | 8m 0s        | 15.5%            |
| 2625             | 8m 5s        | 15.5%            |
| 2650             | 8m 9s        | 15.75%           |
| 2675             | 8m 14s       | 16%              |
| 2700             | 8m 18s       | 16%              |
| 2725             | 8m 23s       | 16.25%           |
| 2750             | 8m 28s       | 16.25%           |
| 2775             | 8m 32s       | 16.5%            |
| 2800             | 8m 37s       | 16.75%           |
| 2825             | 8m 41s       | 16.75%           |
| 2850             | 8m 46s       | 17%              |
| 2875             | 8m 51s       | 17%              |
| 2900             | 8m 55s       | 17.25%           |
| 2925             | 9m 0s        | 17.5%            |
| 2950             | 9m 4s        | 17.5%            |
| 2975             | 9m 9s        | 17.75%           |
| 3000             | 9m 14s       | 17.75%           |
| 3025             | 9m 18s       | 18%              |
| 3050             | 9m 23s       | 18.25%           |
| 3075             | 9m 27s       | 18.25%           |
| 3100             | 9m 32s       | 18.5%            |
| 3125             | 9m 37s       | 18.5%            |
| 3150             | 9m 41s       | 18.75%           |
| 3175             | 9m 46s       | 19%              |
| 3200             | 9m 50s       | 19%              |
| 3225             | 9m 55s       | 19.25%           |
| 3250             | 10m 0s       | 19.25%           |
| 3275             | 10m 4s       | 19.5%            |
| 3300             | 10m 9s       | 19.75%           |
| 3325             | 10m 13s      | 19.75%           |
| 3350             | 10m 18s      | 20%              |
| 3375             | 10m 23s      | 20%              |
| 3400             | 10m 27s      | 20.25%           |
| 3425             | 10m 32s      | 20.5%            |
| 3450             | 10m 36s      | 20.5%            |
| 3475             | 10m 41s      | 20.75%           |
| 3500             | 10m 46s      | 20.75%           |
| 3525             | 10m 50s      | 21%              |
| 3550             | 10m 55s      | 21%              |
| 3575             | 11m 0s       | 21.25%           |
| 3600             | 11m 4s       | 21.5%            |
| 3625             | 11m 9s       | 21.5%            |
| 3650             | 11m 13s      | 21.75%           |
| 3675             | 11m 18s      | 21.75%           |
| 3700             | 11m 23s      | 22%              |
| 3725             | 11m 27s      | 22.25%           |
| 3750             | 11m 32s      | 22.25%           |
| 3775             | 11m 37s      | 22.5%            |
| 3800             | 11m 41s      | 22.5%            |
| 3825             | 11m 46s      | 22.75%           |
| 3850             | 11m 50s      | 23%              |
| 3875             | 11m 55s      | 23%              |
| 3900             | 12m 0s       | 23.25%           |
| 3925             | 12m 4s       | 23.25%           |
| 3950             | 12m 9s       | 23.5%            |
| 3975             | 12m 13s      | 23.75%           |
| 4000             | 12m 18s      | 23.75%           |
| 4025             | 12m 23s      | 24%              |
| 4050             | 12m 27s      | 24%              |
| 4075             | 12m 32s      | 24.25%           |
| 4100             | 12m 37s      | 24.5%            |
| 4125             | 12m 41s      | 24.5%            |
| 4150             | 12m 46s      | 24.75%           |
| 4175             | 12m 50s      | 24.75%           |
| 4200             | 12m 55s      | 25%              |
| 4225             | 13m 0s       | 25.25%           |
| 4250             | 13m 4s       | 25.25%           |
| 4275             | 13m 9s       | 25.5%            |
| 4300             | 13m 13s      | 25.5%            |
| 4325             | 13m 18s      | 25.75%           |
| 4350             | 13m 23s      | 26%              |
| 4375             | 13m 27s      | 26%              |
| 4400             | 13m 32s      | 26.25%           |
| 4425             | 13m 36s      | 26.25%           |
| 4450             | 13m 41s      | 26.5%            |
| 4475             | 13m 46s      | 26.75%           |
| 4500             | 13m 50s      | 26.75%           |
| 4525             | 13m 55s      | 27%              |
| 4550             | 13m 59s      | 27%              |
| 4575             | 14m 4s       | 27.25%           |
| 4600             | 14m 8s       | 27.5%            |
| 4625             | 14m 13s      | 27.5%            |
| 4650             | 14m 17s      | 27.75%           |
| 4675             | 14m 22s      | 27.75%           |
| 4700             | 14m 26s      | 28%              |
| 4725             | 14m 31s      | 28.25%           |
| 4750             | 14m 36s      | 28.25%           |
| 4775             | 14m 40s      | 28.5%            |
| 4800             | 14m 45s      | 28.5%            |
| 4825             | 14m 49s      | 28.75%           |
| 4850             | 14m 54s      | 29%              |
| 4875             | 14m 59s      | 29%              |
| 4900             | 15m 3s       | 29.25%           |
| 4925             | 15m 8s       | 29.25%           |
| 4950             | 15m 12s      | 29.5%            |
| 4975             | 15m 17s      | 29.75%           |
| 5000             | 15m 22s      | 29.75%           |
| 5025             | 15m 26s      | 30%              |
| 5050             | 15m 31s      | 30%              |
| 5075             | 15m 36s      | 30.25%           |
| 5100             | 15m 40s      | 30.5%            |
| 5125             | 15m 45s      | 30.5%            |
| 5150             | 15m 49s      | 30.75%           |
| 5175             | 15m 54s      | 30.75%           |
| 5200             | 15m 59s      | 31%              |
| 5225             | 16m 3s       | 31.25%           |
| 5250             | 16m 8s       | 31.25%           |
| 5275             | 16m 12s      | 31.5%            |
| 5300             | 16m 17s      | 31.5%            |
| 5325             | 16m 22s      | 31.75%           |
| 5350             | 16m 26s      | 32%              |
| 5375             | 16m 31s      | 32%              |
| 5400             | 16m 35s      | 32.25%           |
| 5425             | 16m 40s      | 32.25%           |
| 5450             | 16m 45s      | 32.5%            |
| 5475             | 16m 49s      | 32.75%           |
| 5500             | 16m 54s      | 32.75%           |
| 5525             | 16m 58s      | 33%              |
| 5550             | 17m 3s       | 33%              |
| 5575             | 17m 8s       | 33.25%           |
| 5600             | 17m 12s      | 33.5%            |
| 5625             | 17m 17s      | 33.5%            |
| 5650             | 17m 22s      | 33.75%           |
| 5675             | 17m 26s      | 33.75%           |
| 5700             | 17m 31s      | 34%              |
| 5725             | 17m 35s      | 34.25%           |
| 5750             | 17m 40s      | 34.25%           |
| 5775             | 17m 45s      | 34.5%            |
| 5800             | 17m 49s      | 34.5%            |
| 5825             | 17m 54s      | 34.75%           |
| 5850             | 17m 59s      | 35%              |
| 5875             | 18m 3s       | 35%              |
| 5900             | 18m 8s       | 35.25%           |
| 5925             | 18m 12s      | 35.25%           |
| 5950             | 18m 17s      | 35.5%            |
| 5975             | 18m 22s      | 35.75%           |
| 6000             | 18m 26s      | 35.75%           |
| 6025             | 18m 31s      | 36%              |
| 6050             | 18m 35s      | 36%              |
| 6075             | 18m 40s      | 36.25%           |
| 6100             | 18m 45s      | 36.5%            |
| 6125             | 18m 49s      | 36.5%            |
| 6150             | 18m 54s      | 36.75%           |
| 6175             | 18m 58s      | 36.75%           |
| 6200             | 19m 3s       | 37%              |
| 6225             | 19m 8s       | 37.25%           |
| 6250             | 19m 12s      | 37.25%           |
| 6275             | 19m 17s      | 37.5%            |
| 6300             | 19m 21s      | 37.5%            |
| 6325             | 19m 26s      | 37.75%           |
| 6350             | 19m 31s      | 38%              |
| 6375             | 19m 35s      | 38%              |
| 6400             | 19m 40s      | 38.25%           |
| 6425             | 19m 44s      | 38.25%           |
| 6450             | 19m 49s      | 38.5%            |
| 6475             | 19m 54s      | 38.75%           |
| 6500             | 19m 58s      | 38.75%           |
| 6525             | 20m 3s       | 39%              |
| 6550             | 20m 7s       | 39%              |
| 6575             | 20m 12s      | 39.25%           |
| 6600             | 20m 17s      | 39.5%            |
| 6625             | 20m 21s      | 39.5%            |
| 6650             | 20m 26s      | 39.75%           |
| 6675             | 20m 31s      | 39.75%           |
| 6700             | 20m 35s      | 40%              |
| 6725             | 20m 40s      | 40.25%           |
| 6750             | 20m 44s      | 40.25%           |
| 6775             | 20m 49s      | 40.5%            |
| 6800             | 20m 54s      | 40.5%            |
| 6825             | 20m 58s      | 40.75%           |
| 6850             | 21m 3s       | 41%              |
| 6875             | 21m 7s       | 41%              |
| 6900             | 21m 12s      | 41.25%           |
| 6925             | 21m 17s      | 41.25%           |
| 6950             | 21m 21s      | 41.5%            |
| 6975             | 21m 26s      | 41.5%            |
| 7000             | 21m 30s      | 41.75%           |
| 7025             | 21m 35s      | 42%              |
| 7050             | 21m 40s      | 42%              |
| 7075             | 21m 44s      | 42.25%           |
| 7100             | 21m 49s      | 42.25%           |
| 7125             | 21m 53s      | 42.5%            |
| 7150             | 21m 58s      | 42.75%           |
| 7175             | 22m 3s       | 42.75%           |
| 7200             | 22m 7s       | 43%              |
| 7225             | 22m 12s      | 43%              |
| 7250             | 22m 16s      | 43.25%           |
| 7275             | 22m 21s      | 43.5%            |
| 7300             | 22m 26s      | 43.5%            |
| 7325             | 22m 30s      | 43.75%           |
| 7350             | 22m 35s      | 43.75%           |
| 7375             | 22m 39s      | 44%              |
| 7400             | 22m 44s      | 44.25%           |
| 7425             | 22m 49s      | 44.25%           |
| 7450             | 22m 53s      | 44.5%            |
| 7475             | 22m 58s      | 44.5%            |
| 7500             | 23m 3s       | 44.75%           |
| 7525             | 23m 7s       | 45%              |
| 7550             | 23m 12s      | 45%              |
| 7575             | 23m 16s      | 45.25%           |
| 7600             | 23m 21s      | 45.25%           |
| 7625             | 23m 26s      | 45.5%            |
| 7650             | 23m 30s      | 45.75%           |
| 7675             | 23m 35s      | 45.75%           |
| 7700             | 23m 39s      | 46%              |
| 7725             | 23m 44s      | 46%              |
| 7750             | 23m 49s      | 46.25%           |
| 7775             | 23m 53s      | 46.5%            |
| 7800             | 23m 58s      | 46.5%            |
| 7825             | 24m 2s       | 46.75%           |
| 7850             | 24m 7s       | 46.75%           |
| 7875             | 24m 12s      | 47%              |
| 7900             | 24m 16s      | 47.25%           |
| 7925             | 24m 21s      | 47.25%           |
| 7950             | 24m 25s      | 47.5%            |
| 7975             | 24m 30s      | 47.5%            |
| 8000             | 24m 35s      | 47.75%           |
| 8025             | 24m 39s      | 48%              |
| 8050             | 24m 44s      | 48%              |
| 8075             | 24m 48s      | 48.25%           |
| 8100             | 24m 52s      | 48.25%           |
| 8125             | 24m 57s      | 48.5%            |
| 8150             | 25m 1s       | 48.75%           |
| 8175             | 25m 6s       | 48.75%           |
| 8200             | 25m 10s      | 49%              |
| 8225             | 25m 14s      | 49%              |
| 8250             | 25m 19s      | 49.25%           |
| 8275             | 25m 23s      | 49.5%            |
| 8300             | 25m 28s      | 49.5%            |
| 8325             | 25m 32s      | 49.75%           |
| 8350             | 25m 36s      | 49.75%           |
| 8375             | 25m 41s      | 50%              |
| 8400             | 25m 45s      | 50.25%           |
| 8425             | 25m 50s      | 50.25%           |
| 8450             | 25m 54s      | 50.5%            |
| 8475             | 25m 58s      | 50.5%            |
| 8500             | 26m 3s       | 50.75%           |
| 8525             | 26m 7s       | 51%              |
| 8550             | 26m 12s      | 51%              |
| 8575             | 26m 16s      | 51.25%           |
| 8600             | 26m 20s      | 51.25%           |
| 8625             | 26m 25s      | 51.5%            |
| 8650             | 26m 29s      | 51.75%           |
| 8675             | 26m 34s      | 51.75%           |
| 8700             | 26m 38s      | 52%              |
| 8725             | 26m 43s      | 52%              |
| 8750             | 26m 47s      | 52.25%           |
| 8775             | 26m 51s      | 52.5%            |
| 8800             | 26m 56s      | 52.5%            |
| 8825             | 27m 0s       | 52.75%           |
| 8850             | 27m 5s       | 52.75%           |
| 8875             | 27m 9s       | 53%              |
| 8900             | 27m 13s      | 53.25%           |
| 8925             | 27m 18s      | 53.25%           |
| 8950             | 27m 22s      | 53.5%            |
| 8975             | 27m 27s      | 53.5%            |
| 9000             | 27m 31s      | 53.75%           |
| 9025             | 27m 35s      | 54%              |
| 9050             | 27m 40s      | 54%              |
| 9075             | 27m 44s      | 54.25%           |
| 9100             | 27m 49s      | 54.25%           |
| 9125             | 27m 53s      | 54.5%            |
| 9150             | 27m 57s      | 54.75%           |
| 9175             | 28m 2s       | 54.75%           |
| 9200             | 28m 6s       | 55%              |
| 9225             | 28m 11s      | 55%              |
| 9250             | 28m 16s      | 55.25%           |
| 9275             | 28m 20s      | 55.5%            |
| 9300             | 28m 25s      | 55.5%            |
| 9325             | 28m 29s      | 55.75%           |
| 9350             | 28m 33s      | 55.75%           |
| 9375             | 28m 38s      | 56%              |
| 9400             | 28m 42s      | 56.25%           |
| 9425             | 28m 47s      | 56.25%           |
| 9450             | 28m 51s      | 56.5%            |
| 9475             | 28m 55s      | 56.5%            |
| 9500             | 29m 0s       | 56.75%           |
| 9525             | 29m 4s       | 57%              |
| 9550             | 29m 9s       | 57%              |
| 9575             | 29m 13s      | 57.25%           |
| 9600             | 29m 18s      | 57.25%           |
| 9625             | 29m 22s      | 57.5%            |
| 9650             | 29m 26s      | 57.75%           |
| 9675             | 29m 31s      | 57.75%           |
| 9700             | 29m 35s      | 58%              |
| 9725             | 29m 40s      | 58%              |
| 9750             | 29m 44s      | 58.25%           |
| 9775             | 29m 49s      | 58.5%            |
| 9800             | 29m 53s      | 58.5%            |
| 9825             | 29m 57s      | 58.75%           |
| 9850             | 30m 2s       | 58.75%           |
| 9875             | 30m 6s       | 59%              |
| 9900             | 30m 11s      | 59.25%           |
| 9925             | 30m 15s      | 59.25%           |
| 9950             | 30m 20s      | 59.5%            |
| 9975             | 30m 24s      | 59.5%            |
| 10000            | 30m 28s      | 59.75%           |
| 10025            | 30m 33s      | 60%              |
| 10050            | 30m 37s      | 60%              |
| 10075            | 30m 42s      | 60.25%           |
| 10100            | 30m 46s      | 60.25%           |
| 10125            | 30m 50s      | 60.5%            |
| 10150            | 30m 55s      | 60.75%           |
| 10175            | 30m 59s      | 60.75%           |
| 10200            | 31m 4s       | 61%              |
| 10225            | 31m 8s       | 61%              |
| 10250            | 31m 13s      | 61.25%           |
| 10275            | 31m 17s      | 61.5%            |
| 10300            | 31m 21s      | 61.5%            |
| 10325            | 31m 26s      | 61.75%           |
| 10350            | 31m 30s      | 61.75%           |
| 10375            | 31m 35s      | 62%              |
| 10400            | 31m 39s      | 62%              |
| 10425            | 31m 44s      | 62.25%           |
| 10450            | 31m 48s      | 62.5%            |
| 10475            | 31m 53s      | 62.5%            |
| 10500            | 31m 57s      | 62.75%           |
| 10525            | 32m 1s       | 62.75%           |
| 10550            | 32m 6s       | 63%              |
| 10575            | 32m 10s      | 63.25%           |
| 10600            | 32m 15s      | 63.25%           |
| 10625            | 32m 19s      | 63.5%            |
| 10650            | 32m 24s      | 63.5%            |
| 10675            | 32m 28s      | 63.75%           |
| 10700            | 32m 33s      | 64%              |
| 10725            | 32m 37s      | 64%              |
| 10750            | 32m 41s      | 64.25%           |
| 10775            | 32m 46s      | 64.25%           |
| 10800            | 32m 50s      | 64.5%            |
| 10825            | 32m 55s      | 64.75%           |
| 10850            | 32m 59s      | 64.75%           |
| 10875            | 33m 3s       | 65%              |
| 10900            | 33m 8s       | 65%              |
| 10925            | 33m 12s      | 65.25%           |
| 10950            | 33m 17s      | 65.5%            |
| 10975            | 33m 21s      | 65.5%            |
| 11000            | 33m 26s      | 65.75%           |
| 11025            | 33m 30s      | 65.75%           |
| 11050            | 33m 34s      | 66%              |
| 11075            | 33m 39s      | 66.25%           |
| 11100            | 33m 43s      | 66.25%           |
| 11125            | 33m 48s      | 66.5%            |
| 11150            | 33m 52s      | 66.5%            |
| 11175            | 33m 57s      | 66.75%           |
| 11200            | 34m 1s       | 67%              |
| 11225            | 34m 5s       | 67%              |
| 11250            | 34m 10s      | 67.25%           |
| 11275            | 34m 15s      | 67.25%           |
| 11300            | 34m 19s      | 67.5%            |
| 11325            | 34m 24s      | 67.75%           |
| 11350            | 34m 28s      | 67.75%           |
| 11375            | 34m 32s      | 68%              |
| 11400            | 34m 37s      | 68%              |
| 11425            | 34m 42s      | 68.25%           |
| 11450            | 34m 46s      | 68.5%            |
| 11475            | 34m 51s      | 68.5%            |
| 11500            | 34m 55s      | 68.75%           |
| 11525            | 34m 59s      | 68.75%           |
| 11550            | 35m 4s       | 69%              |
| 11575            | 35m 8s       | 69.25%           |
| 11600            | 35m 13s      | 69.25%           |
| 11625            | 35m 17s      | 69.5%            |
| 11650            | 35m 22s      | 69.5%            |
| 11675            | 35m 26s      | 69.75%           |
| 11700            | 35m 31s      | 70%              |
| 11725            | 35m 35s      | 70%              |
| 11750            | 35m 40s      | 70.25%           |
| 11775            | 35m 44s      | 70.25%           |
| 11800            | 35m 49s      | 70.5%            |
| 11825            | 35m 53s      | 70.75%           |
| 11850            | 35m 58s      | 70.75%           |
| 11875            | 36m 2s       | 71%              |
| 11900            | 36m 7s       | 71%              |
| 11925            | 36m 11s      | 71.25%           |
| 11950            | 36m 16s      | 71.5%            |
| 11975            | 36m 20s      | 71.5%            |
| 12000            | 36m 24s      | 71.75%           |
| 12025            | 36m 29s      | 71.75%           |
| 12050            | 36m 33s      | 72%              |
| 12075            | 36m 38s      | 72.25%           |
| 12100            | 36m 42s      | 72.25%           |
| 12125            | 36m 46s      | 72.5%            |
| 12150            | 36m 51s      | 72.5%            |
| 12175            | 36m 55s      | 72.75%           |
| 12200            | 37m 0s       | 73%              |
| 12225            | 37m 4s       | 73%              |
| 12250            | 37m 8s       | 73.25%           |
| 12275            | 37m 13s      | 73.25%           |
| 12300            | 37m 17s      | 73.5%            |
| 12325            | 37m 22s      | 73.75%           |
| 12350            | 37m 26s      | 73.75%           |
| 12375            | 37m 30s      | 74%              |
| 12400            | 37m 35s      | 74%              |
| 12425            | 37m 39s      | 74.25%           |
| 12450            | 37m 44s      | 74.5%            |
| 12475            | 37m 49s      | 74.5%            |
| 12500            | 37m 53s      | 74.75%           |
| 12525            | 37m 58s      | 74.75%           |
| 12550            | 38m 2s       | 75%              |
| 12575            | 38m 7s       | 75.25%           |
| 12600            | 38m 11s      | 75.25%           |
| 12625            | 38m 16s      | 75.5%            |
| 12650            | 38m 20s      | 75.5%            |
| 12675            | 38m 24s      | 75.75%           |
| 12700            | 38m 29s      | 76%              |
| 12725            | 38m 33s      | 76%              |
| 12750            | 38m 38s      | 76.25%           |
| 12775            | 38m 42s      | 76.25%           |
| 12800            | 38m 47s      | 76.5%            |
| 12825            | 38m 51s      | 76.75%           |
| 12850            | 38m 55s      | 76.75%           |
| 12875            | 39m 0s       | 77%              |
| 12900            | 39m 4s       | 77%              |
| 12925            | 39m 9s       | 77.25%           |
| 12950            | 39m 13s      | 77.5%            |
| 12975            | 39m 17s      | 77.5%            |
| 13000            | 39m 22s      | 77.75%           |
| 13025            | 39m 26s      | 77.75%           |
| 13050            | 39m 31s      | 78%              |
| 13075            | 39m 35s      | 78.25%           |
| 13100            | 39m 40s      | 78.25%           |
| 13125            | 39m 44s      | 78.5%            |
| 13150            | 39m 48s      | 78.5%            |
| 13175            | 39m 53s      | 78.75%           |
| 13200            | 39m 57s      | 79%              |
| 13225            | 40m 2s       | 79%              |
| 13250            | 40m 6s       | 79.25%           |
| 13275            | 40m 10s      | 79.25%           |
| 13300            | 40m 15s      | 79.5%            |
| 13325            | 40m 19s      | 79.75%           |
| 13350            | 40m 24s      | 79.75%           |
| 13375            | 40m 28s      | 80%              |
| 13400            | 40m 32s      | 80%              |
| 13425            | 40m 37s      | 80.25%           |
| 13450            | 40m 41s      | 80.5%            |
| 13475            | 40m 46s      | 80.5%            |
| 13500            | 40m 50s      | 80.75%           |
| 13525            | 40m 54s      | 80.75%           |
| 13550            | 40m 59s      | 81%              |
| 13575            | 41m 3s       | 81.25%           |
| 13600            | 41m 8s       | 81.25%           |
| 13625            | 41m 12s      | 81.5%            |
| 13650            | 41m 16s      | 81.5%            |
| 13675            | 41m 21s      | 81.75%           |
| 13700            | 41m 25s      | 82%              |
| 13725            | 41m 30s      | 82%              |
| 13750            | 41m 34s      | 82.25%           |
| 13775            | 41m 38s      | 82.25%           |
| 13800            | 41m 43s      | 82.5%            |
| 13825            | 41m 47s      | 82.5%            |
| 13850            | 41m 52s      | 82.75%           |
| 13875            | 41m 56s      | 83%              |
| 13900            | 42m 0s       | 83%              |
| 13925            | 42m 5s       | 83.25%           |
| 13950            | 42m 9s       | 83.25%           |
| 13975            | 42m 14s      | 83.5%            |
| 14000            | 42m 18s      | 83.75%           |
| 14025            | 42m 23s      | 83.75%           |
| 14050            | 42m 27s      | 84%              |
| 14075            | 42m 31s      | 84%              |
| 14100            | 42m 36s      | 84.25%           |
| 14125            | 42m 40s      | 84.5%            |
| 14150            | 42m 45s      | 84.5%            |
| 14175            | 42m 49s      | 84.75%           |
| 14200            | 42m 54s      | 84.75%           |
| 14225            | 42m 58s      | 85%              |
| 14250            | 43m 2s       | 85.25%           |
| 14275            | 43m 7s       | 85.25%           |
| 14300            | 43m 11s      | 85.5%            |
| 14325            | 43m 16s      | 85.5%            |
| 14350            | 43m 20s      | 85.75%           |
| 14375            | 43m 24s      | 86%              |
| 14400            | 43m 29s      | 86%              |
| 14425            | 43m 33s      | 86.25%           |
| 14450            | 43m 38s      | 86.25%           |
| 14475            | 43m 42s      | 86.5%            |
| 14500            | 43m 46s      | 86.75%           |
| 14525            | 43m 51s      | 86.75%           |
| 14550            | 43m 55s      | 87%              |
| 14575            | 44m 0s       | 87%              |
| 14600            | 44m 4s       | 87.25%           |
| 14625            | 44m 9s       | 87.5%            |
| 14650            | 44m 13s      | 87.5%            |
| 14675            | 44m 17s      | 87.75%           |
| 14700            | 44m 22s      | 87.75%           |
| 14725            | 44m 26s      | 88%              |
| 14750            | 44m 31s      | 88.25%           |
| 14775            | 44m 35s      | 88.25%           |
| 14800            | 44m 39s      | 88.5%            |
| 14825            | 44m 44s      | 88.5%            |
| 14850            | 44m 48s      | 88.75%           |
| 14875            | 44m 52s      | 89%              |
| 14900            | 44m 57s      | 89%              |
| 14925            | 45m 1s       | 89.25%           |
| 14950            | 45m 6s       | 89.25%           |
| 14975            | 45m 10s      | 89.5%            |
| 15000            | 45m 14s      | 89.75%           |
| 15025            | 45m 19s      | 89.75%           |
| 15050            | 45m 23s      | 90%              |
| 15075            | 45m 28s      | 90%              |
| 15100            | 45m 32s      | 90.25%           |
| 15125            | 45m 36s      | 90.5%            |
| 15150            | 45m 41s      | 90.5%            |
| 15175            | 45m 45s      | 90.75%           |
| 15200            | 45m 50s      | 90.75%           |
| 15225            | 45m 54s      | 91%              |
| 15250            | 45m 58s      | 91.25%           |
| 15275            | 46m 3s       | 91.25%           |
| 15300            | 46m 7s       | 91.5%            |
| 15325            | 46m 12s      | 91.5%            |
| 15350            | 46m 16s      | 91.75%           |
| 15375            | 46m 20s      | 92%              |
| 15400            | 46m 25s      | 92%              |
| 15425            | 46m 29s      | 92.25%           |
| 15450            | 46m 33s      | 92.25%           |
| 15475            | 46m 38s      | 92.5%            |
| 15500            | 46m 42s      | 92.75%           |
| 15525            | 46m 47s      | 92.75%           |
| 15550            | 46m 51s      | 93%              |
| 15575            | 46m 55s      | 93%              |
| 15600            | 47m 0s       | 93.25%           |
| 15625            | 47m 4s       | 93.5%            |
| 15650            | 47m 9s       | 93.5%            |
| 15675            | 47m 13s      | 93.75%           |
| 15700            | 47m 17s      | 93.75%           |
| 15725            | 47m 22s      | 94%              |
| 15750            | 47m 26s      | 94.25%           |
| 15775            | 47m 31s      | 94.25%           |
| 15800            | 47m 35s      | 94.5%            |
| 15825            | 47m 39s      | 94.5%            |
| 15850            | 47m 44s      | 94.75%           |
| 15875            | 47m 48s      | 95%              |
| 15900            | 47m 53s      | 95%              |
| 15925            | 47m 57s      | 95.25%           |
| 15950            | 48m 1s       | 95.25%           |
| 15975            | 48m 6s       | 95.5%            |
| 16000            | 48m 10s      | 95.75%           |
| 16025            | 48m 14s      | 95.75%           |
| 16050            | 48m 19s      | 96%              |
| 16075            | 48m 23s      | 96%              |
| 16100            | 48m 28s      | 96.25%           |
| 16125            | 48m 32s      | 96.5%            |
| 16150            | 48m 36s      | 96.5%            |
| 16175            | 48m 41s      | 96.75%           |
| 16200            | 48m 45s      | 96.75%           |
| 16225            | 48m 50s      | 97%              |
| 16250            | 48m 54s      | 97.25%           |
| 16275            | 48m 58s      | 97.25%           |
| 16300            | 49m 3s       | 97.5%            |
| 16325            | 49m 7s       | 97.5%            |
| 16350            | 49m 12s      | 97.75%           |
| 16375            | 49m 16s      | 98%              |
| 16400            | 49m 20s      | 98%              |
| 16425            | 49m 25s      | 98.25%           |
| 16450            | 49m 29s      | 98.25%           |
| 16475            | 49m 33s      | 98.5%            |
| 16500            | 49m 38s      | 98.75%           |
| 16525            | 49m 42s      | 98.75%           |
| 16550            | 49m 47s      | 99%              |
| 16575            | 49m 51s      | 99%              |
| 16600            | 49m 55s      | 99.25%           |
| 16625            | 50m 0s       | 99.5%            |
| 16650            | 50m 4s       | 99.5%            |
| 16675            | 50m 9s       | 99.75%           |
| 16700            | 50m 13s      | 99.75%           |
| 16707            | 50m 14s      | 100%             |
| 16706            | 50m 14s      | 99.75%           |
+------------------+--------------+------------------+
Automatically generating validation set from 5% of the data.
Beginning model training on processed features. 
Calibrating solver; this may take some time.
+-----------+--------------+-------------------+---------------------+
| Iteration | Elapsed Time | Training Accuracy | Validation Accuracy |
+-----------+--------------+-------------------+---------------------+
| 0         | 1.994501     | 0.115155          | 0.109223            |
| 1         | 4.430770     | 0.257067          | 0.240291            |
| 2         | 5.345328     | 0.166152          | 0.161408            |
| 3         | 7.807759     | 0.293584          | 0.279126            |
| 4         | 8.753727     | 0.301958          | 0.271845            |
| 9         | 14.832241    | 0.439338          | 0.428398            |
| 14        | 20.901064    | 0.505068          | 0.478155            |
| 19        | 25.956300    | 0.566140          | 0.537621            |
| 24        | 32.558145    | 0.613864          | 0.591019            |
| 29        | 37.394031    | 0.657621          | 0.638350            |
| 34        | 42.265156    | 0.700120          | 0.679612            |
| 39        | 46.747710    | 0.714160          | 0.694175            |
| 44        | 52.007181    | 0.748473          | 0.705097            |
| 49        | 56.863682    | 0.770887          | 0.725728            |
| 54        | 62.568299    | 0.792483          | 0.756068            |
| 59        | 67.033478    | 0.813134          | 0.758495            |
| 64        | 71.960080    | 0.821255          | 0.768204            |
| 69        | 78.484583    | 0.840521          | 0.790049            |
| 74        | 84.937771    | 0.856073          | 0.794903            |
| 79        | 90.211920    | 0.865957          | 0.792476            |
| 84        | 95.409496    | 0.878361          | 0.809466            |
| 89        | 100.716007   | 0.886356          | 0.809466            |
| 94        | 106.815582   | 0.894982          | 0.821602            |
| 99        | 111.699074   | 0.902097          | 0.831311            |
| 104       | 117.373652   | 0.911981          | 0.831311            |
| 109       | 122.246866   | 0.920859          | 0.833738            |
| 114       | 126.749895   | 0.926336          | 0.842233            |
| 119       | 131.696464   | 0.930932          | 0.860437            |
| 124       | 136.617056   | 0.933955          | 0.860437            |
| 129       | 141.482455   | 0.938425          | 0.861650            |
| 134       | 145.964798   | 0.941006          | 0.856796            |
| 139       | 151.297788   | 0.946043          | 0.864078            |
| 144       | 156.628234   | 0.950135          | 0.867718            |
| 149       | 161.561239   | 0.952906          | 0.868932            |
| 154       | 166.871828   | 0.955046          | 0.882282            |
| 159       | 171.763001   | 0.957879          | 0.881068            |
| 164       | 176.289997   | 0.962035          | 0.888350            |
| 169       | 181.640773   | 0.963672          | 0.887136            |
| 174       | 186.981463   | 0.968835          | 0.890777            |
| 179       | 191.752023   | 0.971794          | 0.891990            |
| 184       | 196.607327   | 0.974249          | 0.890777            |
| 189       | 201.046575   | 0.977838          | 0.894417            |
| 194       | 205.908108   | 0.979790          | 0.893204            |
| 199       | 210.877438   | 0.983001          | 0.898058            |
| 204       | 217.771946   | 0.984449          | 0.899272            |
| 209       | 224.723125   | 0.981679          | 0.889563            |
| 214       | 230.476997   | 0.986526          | 0.893204            |
| 219       | 235.837316   | 0.988793          | 0.894417            |
| 224       | 240.739754   | 0.988793          | 0.900485            |
| 229       | 245.148983   | 0.989360          | 0.899272            |
| 234       | 250.142440   | 0.991626          | 0.896845            |
| 239       | 255.459107   | 0.992885          | 0.899272            |
| 244       | 259.930088   | 0.993263          | 0.898058            |
| 249       | 264.441581   | 0.994774          | 0.906553            |
| 254       | 269.012384   | 0.996285          | 0.902913            |
| 259       | 273.897320   | 0.997104          | 0.901699            |
| 264       | 279.892889   | 0.997293          | 0.900485            |
| 269       | 284.328687   | 0.998174          | 0.905340            |
| 274       | 289.202396   | 0.998867          | 0.901699            |
| 279       | 294.037703   | 0.999119          | 0.906553            |
| 284       | 298.557451   | 0.999559          | 0.910194            |
| 289       | 303.490368   | 0.999748          | 0.908981            |
| 294       | 307.945417   | 0.999937          | 0.904126            |
| 299       | 312.830941   | 0.999874          | 0.905340            |
| 304       | 318.054880   | 0.999874          | 0.905340            |
| 309       | 322.860771   | 1.000000          | 0.905340            |
| 314       | 328.121388   | 1.000000          | 0.904126            |
| 319       | 332.644194   | 1.000000          | 0.906553            |
| 324       | 337.788537   | 1.000000          | 0.911408            |
| 329       | 344.260276   | 1.000000          | 0.911408            |
| 334       | 350.716993   | 1.000000          | 0.916262            |
| 339       | 355.610879   | 1.000000          | 0.912621            |
| 344       | 361.351254   | 1.000000          | 0.912621            |
| 349       | 366.628261   | 1.000000          | 0.924757            |
| 354       | 372.299997   | 1.000000          | 0.922330            |
| 359       | 378.389871   | 1.000000          | 0.919903            |
| 364       | 384.387065   | 1.000000          | 0.918689            |
| 369       | 390.564635   | 1.000000          | 0.918689            |
| 374       | 395.410940   | 1.000000          | 0.916262            |
| 379       | 400.336070   | 1.000000          | 0.916262            |
| 384       | 406.447709   | 1.000000          | 0.918689            |
| 389       | 410.928442   | 1.000000          | 0.916262            |
| 394       | 416.217235   | 1.000000          | 0.917476            |
| 399       | 421.174508   | 1.000000          | 0.921117            |
| 404       | 426.396012   | 1.000000          | 0.917476            |
| 409       | 432.436074   | 1.000000          | 0.918689            |
| 414       | 437.305769   | 1.000000          | 0.918689            |
| 419       | 441.845151   | 1.000000          | 0.918689            |
| 424       | 446.775230   | 1.000000          | 0.913835            |
| 429       | 451.618086   | 1.000000          | 0.915049            |
| 434       | 456.864899   | 1.000000          | 0.913835            |
| 439       | 461.770712   | 1.000000          | 0.913835            |
| 444       | 466.636613   | 1.000000          | 0.912621            |
| 449       | 471.982603   | 1.000000          | 0.912621            |
| 454       | 477.388323   | 1.000000          | 0.911408            |
| 459       | 482.689279   | 1.000000          | 0.912621            |
| 464       | 487.952083   | 1.000000          | 0.912621            |
| 469       | 492.875031   | 1.000000          | 0.913835            |
| 474       | 497.860075   | 1.000000          | 0.917476            |
| 479       | 502.742035   | 1.000000          | 0.918689            |
| 484       | 507.334062   | 1.000000          | 0.918689            |
| 489       | 513.481634   | 1.000000          | 0.918689            |
| 494       | 517.942516   | 1.000000          | 0.921117            |
| 499       | 522.818228   | 1.000000          | 0.918689            |
| 504       | 528.512788   | 1.000000          | 0.921117            |
| 509       | 533.369648   | 1.000000          | 0.921117            |
| 514       | 539.496659   | 1.000000          | 0.922330            |
| 519       | 545.639644   | 1.000000          | 0.921117            |
| 524       | 550.176729   | 1.000000          | 0.922330            |
| 529       | 555.107312   | 1.000000          | 0.922330            |
| 534       | 560.140796   | 1.000000          | 0.922330            |
| 539       | 564.648612   | 1.000000          | 0.922330            |
| 544       | 570.054932   | 1.000000          | 0.921117            |
| 549       | 575.341102   | 1.000000          | 0.921117            |
| 554       | 580.242216   | 1.000000          | 0.919903            |
| 559       | 585.149116   | 1.000000          | 0.916262            |
| 564       | 590.524659   | 1.000000          | 0.916262            |
| 569       | 595.463624   | 1.000000          | 0.917476            |
| 574       | 601.093611   | 1.000000          | 0.916262            |
| 579       | 605.953795   | 1.000000          | 0.916262            |
| 584       | 610.402491   | 1.000000          | 0.916262            |
| 589       | 616.831354   | 1.000000          | 0.913835            |
| 594       | 622.171142   | 1.000000          | 0.916262            |
| 599       | 629.230296   | 1.000000          | 0.913835            |
| 604       | 634.605750   | 1.000000          | 0.916262            |
| 609       | 641.181987   | 1.000000          | 0.915049            |
| 614       | 646.119949   | 1.000000          | 0.917476            |
| 619       | 650.613186   | 1.000000          | 0.915049            |
| 624       | 655.568085   | 1.000000          | 0.918689            |
| 629       | 661.286426   | 1.000000          | 0.918689            |
| 634       | 666.521286   | 1.000000          | 0.917476            |
| 639       | 673.015877   | 1.000000          | 0.918689            |
| 644       | 678.655332   | 1.000000          | 0.919903            |
| 649       | 683.159660   | 1.000000          | 0.918689            |
| 654       | 690.472870   | 1.000000          | 0.917476            |
| 659       | 696.232699   | 1.000000          | 0.919903            |
| 664       | 700.759237   | 1.000000          | 0.922330            |
| 669       | 705.755867   | 1.000000          | 0.918689            |
| 674       | 711.581893   | 1.000000          | 0.918689            |
| 679       | 716.671388   | 1.000000          | 0.919903            |
| 684       | 722.079324   | 1.000000          | 0.919903            |
| 689       | 727.929803   | 1.000000          | 0.919903            |
| 694       | 733.817641   | 1.000000          | 0.919903            |
| 699       | 738.780260   | 1.000000          | 0.922330            |
| 704       | 744.587629   | 1.000000          | 0.921117            |
| 709       | 750.041703   | 1.000000          | 0.919903            |
| 714       | 755.065370   | 1.000000          | 0.919903            |
| 719       | 760.476870   | 1.000000          | 0.921117            |
| 724       | 765.387710   | 1.000000          | 0.919903            |
| 729       | 769.940832   | 1.000000          | 0.919903            |
| 734       | 774.840656   | 1.000000          | 0.917476            |
| 739       | 781.455380   | 1.000000          | 0.919903            |
| 744       | 787.743924   | 1.000000          | 0.918689            |
| 749       | 792.812527   | 1.000000          | 0.921117            |
| 754       | 798.425173   | 1.000000          | 0.921117            |
| 759       | 804.253770   | 1.000000          | 0.921117            |
| 764       | 809.264298   | 1.000000          | 0.922330            |
| 769       | 814.370261   | 1.000000          | 0.921117            |
| 774       | 819.803140   | 1.000000          | 0.918689            |
| 779       | 827.803775   | 1.000000          | 0.918689            |
| 784       | 832.907561   | 1.000000          | 0.921117            |
| 789       | 838.349208   | 1.000000          | 0.923544            |
| 794       | 842.988139   | 1.000000          | 0.921117            |
| 799       | 848.019730   | 1.000000          | 0.919903            |
| 804       | 852.836904   | 1.000000          | 0.918689            |
| 809       | 857.908858   | 1.000000          | 0.917476            |
| 814       | 863.433958   | 1.000000          | 0.917476            |
| 819       | 870.239701   | 1.000000          | 0.918689            |
| 824       | 875.754189   | 1.000000          | 0.918689            |
| 829       | 882.840007   | 1.000000          | 0.917476            |
| 834       | 889.560606   | 1.000000          | 0.917476            |
| 839       | 896.898295   | 1.000000          | 0.917476            |
| 844       | 902.034151   | 1.000000          | 0.917476            |
| 849       | 907.709141   | 1.000000          | 0.918689            |
| 854       | 913.055784   | 1.000000          | 0.918689            |
| 859       | 918.057835   | 1.000000          | 0.918689            |
| 864       | 923.382858   | 1.000000          | 0.918689            |
| 869       | 928.397413   | 1.000000          | 0.919903            |
| 874       | 933.443054   | 1.000000          | 0.918689            |
| 879       | 939.079407   | 1.000000          | 0.921117            |
| 884       | 945.914854   | 1.000000          | 0.921117            |
| 889       | 951.517243   | 1.000000          | 0.921117            |
| 894       | 956.116058   | 1.000000          | 0.921117            |
| 899       | 962.369200   | 1.000000          | 0.921117            |
| 904       | 968.187179   | 1.000000          | 0.922330            |
| 909       | 973.123263   | 1.000000          | 0.921117            |
| 914       | 977.647303   | 1.000000          | 0.921117            |
| 919       | 984.174147   | 1.000000          | 0.919903            |
| 924       | 988.728755   | 1.000000          | 0.918689            |
| 929       | 993.776584   | 1.000000          | 0.918689            |
| 934       | 999.094025   | 1.000000          | 0.918689            |
| 939       | 1004.010181  | 1.000000          | 0.918689            |
| 944       | 1009.792097  | 1.000000          | 0.918689            |
| 949       | 1014.752163  | 1.000000          | 0.918689            |
| 954       | 1019.599667  | 1.000000          | 0.918689            |
| 959       | 1024.948804  | 1.000000          | 0.918689            |
| 964       | 1029.949121  | 1.000000          | 0.919903            |
| 969       | 1036.730507  | 1.000000          | 0.918689            |
| 974       | 1044.038118  | 1.000000          | 0.918689            |
| 979       | 1048.934660  | 1.000000          | 0.917476            |
| 984       | 1054.089391  | 1.000000          | 0.917476            |
| 989       | 1063.282330  | 1.000000          | 0.917476            |
| 994       | 1071.036258  | 1.000000          | 0.917476            |
| 999       | 1076.691035  | 1.000000          | 0.917476            |
+-----------+--------------+-------------------+---------------------+
IMAGE CLASSIFIER:
ImageClassifier

Parameters
Feature Extractor: ScenePrint
Max Iterations: 1000

Performance on Training Data
Number of examples: 15883
Number of classes: 10
Accuracy: 100.00%

Performance on Validation Data
Number of examples: 824
Number of classes: 10
Accuracy: 91.75%

Training time: 4119.460973978043
SAVING MODEL TO /Volumes/Data/ML_data_catalina/DistractedDriver/DistractedDriverCreateML/DistractedDriverCreateML//Models/DistractedDriverClassifier.mlmodel
Trained model successfully saved at /Volumes/Data/ML_data_catalina/DistractedDriver/DistractedDriverCreateML/DistractedDriverCreateML//Models/DistractedDriverClassifier.mlmodel.

PRINTING SOME PREDICTIONS FOR IMAGES:
PREDICTIONS FOR LABEL c4:
	Predicting image 0 as c7
	Predicting image 1 as c7
	Predicting image 2 as c7
	Predicting image 3 as c6
	Predicting image 4 as c8
	Predicting image 5 as c7
	Predicting image 6 as c7
	Predicting image 7 as c7
	Predicting image 8 as c8
	Predicting image 9 as c1
PREDICTIONS FOR LABEL c3:
	Predicting image 0 as c7
	Predicting image 1 as c7
	Predicting image 2 as c7
	Predicting image 3 as c8
	Predicting image 4 as c7
	Predicting image 5 as c8
	Predicting image 6 as c7
	Predicting image 7 as c7
	Predicting image 8 as c6
	Predicting image 9 as c6
PREDICTIONS FOR LABEL c8:
	Predicting image 0 as c8
	Predicting image 1 as c7
	Predicting image 2 as c7
	Predicting image 3 as c8
	Predicting image 4 as c7
	Predicting image 5 as c7
	Predicting image 6 as c7
	Predicting image 7 as c6
	Predicting image 8 as c7
	Predicting image 9 as c7
PREDICTIONS FOR LABEL c7:
	Predicting image 0 as c7
	Predicting image 1 as c7
	Predicting image 2 as c7
	Predicting image 3 as c7
	Predicting image 4 as c7
	Predicting image 5 as c7
	Predicting image 6 as c7
	Predicting image 7 as c7
	Predicting image 8 as c7
	Predicting image 9 as c7
PREDICTIONS FOR LABEL c2:
	Predicting image 0 as c7
	Predicting image 1 as c7
	Predicting image 2 as c7
	Predicting image 3 as c0
	Predicting image 4 as c7
	Predicting image 5 as c1
	Predicting image 6 as c7
	Predicting image 7 as c6
	Predicting image 8 as c7
	Predicting image 9 as c7
PREDICTIONS FOR LABEL c0:
	Predicting image 0 as c7
	Predicting image 1 as c6
	Predicting image 2 as c7
	Predicting image 3 as c7
	Predicting image 4 as c7
	Predicting image 5 as c1
	Predicting image 6 as c7
	Predicting image 7 as c6
	Predicting image 8 as c7
	Predicting image 9 as c7
PREDICTIONS FOR LABEL c1:
	Predicting image 0 as c7
	Predicting image 1 as c7
	Predicting image 2 as c7
	Predicting image 3 as c7
	Predicting image 4 as c7
	Predicting image 5 as c0
	Predicting image 6 as c7
	Predicting image 7 as c7
	Predicting image 8 as c7
	Predicting image 9 as c7
PREDICTIONS FOR LABEL c5:
	Predicting image 0 as c7
	Predicting image 1 as c6
	Predicting image 2 as c7
	Predicting image 3 as c8
	Predicting image 4 as c6
	Predicting image 5 as c0
	Predicting image 6 as c6
	Predicting image 7 as c7
	Predicting image 8 as c7
	Predicting image 9 as c7
PREDICTIONS FOR LABEL c6:
	Predicting image 0 as c9
	Predicting image 1 as c7
	Predicting image 2 as c8
	Predicting image 3 as c7
	Predicting image 4 as c7
	Predicting image 5 as c7
	Predicting image 6 as c8
	Predicting image 7 as c7
	Predicting image 8 as c8
	Predicting image 9 as c6
PREDICTIONS FOR LABEL c9:
	Predicting image 0 as c7
	Predicting image 1 as c7
	Predicting image 2 as c7
	Predicting image 3 as c6
	Predicting image 4 as c7
	Predicting image 5 as c7
	Predicting image 6 as c7
	Predicting image 7 as c7
	Predicting image 8 as c7
	Predicting image 9 as c7
Extracting image features from evaluation data.
Analyzing and extracting image features.
+------------------+--------------+------------------+
| Images Processed | Elapsed Time | Percent Complete |
+------------------+--------------+------------------+
| 1                | 187.032ms    | 0%               |
| 2                | 367.928ms    | 0%               |
| 3                | 547.812ms    | 0%               |
| 4                | 724.644ms    | 0%               |
| 5                | 901.075ms    | 0%               |
| 10               | 1.78s        | 0%               |
| 25               | 4.43s        | 0.5%             |
| 50               | 9.00s        | 1%               |
| 75               | 13.60s       | 1.5%             |
| 100              | 18.08s       | 2%               |
| 125              | 22.49s       | 2.5%             |
| 150              | 26.91s       | 3.25%            |
| 175              | 31.45s       | 3.75%            |
| 200              | 35.86s       | 4.25%            |
| 225              | 40.29s       | 4.75%            |
| 250              | 44.77s       | 5.25%            |
| 275              | 49.17s       | 5.75%            |
| 300              | 53.61s       | 6.5%             |
| 325              | 58.01s       | 7%               |
| 350              | 1m 2s        | 7.5%             |
| 375              | 1m 6s        | 8%               |
| 400              | 1m 11s       | 8.5%             |
| 425              | 1m 15s       | 9%               |
| 450              | 1m 20s       | 9.75%            |
| 475              | 1m 24s       | 10.25%           |
| 500              | 1m 29s       | 10.75%           |
| 525              | 1m 33s       | 11.25%           |
| 550              | 1m 37s       | 11.75%           |
| 575              | 1m 42s       | 12.25%           |
| 600              | 1m 46s       | 13%              |
| 625              | 1m 51s       | 13.5%            |
| 650              | 1m 55s       | 14%              |
| 675              | 1m 59s       | 14.5%            |
| 700              | 2m 4s        | 15%              |
| 725              | 2m 8s        | 15.5%            |
| 750              | 2m 13s       | 16.25%           |
| 775              | 2m 17s       | 16.75%           |
| 800              | 2m 22s       | 17.25%           |
| 825              | 2m 26s       | 17.75%           |
| 850              | 2m 30s       | 18.25%           |
| 875              | 2m 35s       | 18.75%           |
| 900              | 2m 39s       | 19.5%            |
| 925              | 2m 44s       | 20%              |
| 950              | 2m 48s       | 20.5%            |
| 975              | 2m 52s       | 21%              |
| 1000             | 2m 57s       | 21.5%            |
| 1025             | 3m 1s        | 22%              |
| 1050             | 3m 6s        | 22.75%           |
| 1075             | 3m 10s       | 23.25%           |
| 1100             | 3m 15s       | 23.75%           |
| 1125             | 3m 19s       | 24.25%           |
| 1150             | 3m 24s       | 24.75%           |
| 1175             | 3m 28s       | 25.25%           |
| 1200             | 3m 32s       | 26%              |
| 1225             | 3m 37s       | 26.5%            |
| 1250             | 3m 41s       | 27%              |
| 1275             | 3m 46s       | 27.5%            |
| 1300             | 3m 50s       | 28%              |
| 1325             | 3m 54s       | 28.5%            |
| 1350             | 3m 59s       | 29.25%           |
| 1375             | 4m 3s        | 29.75%           |
| 1400             | 4m 8s        | 30.25%           |
| 1425             | 4m 14s       | 30.75%           |
| 1450             | 4m 23s       | 31.25%           |
| 1475             | 4m 32s       | 31.75%           |
| 1500             | 4m 40s       | 32.5%            |
| 1525             | 4m 49s       | 33%              |
| 1550             | 4m 58s       | 33.5%            |
| 1575             | 5m 7s        | 34%              |
| 1600             | 5m 15s       | 34.5%            |
| 1625             | 5m 24s       | 35%              |
| 1650             | 5m 33s       | 35.75%           |
| 1675             | 5m 42s       | 36.25%           |
| 1700             | 5m 50s       | 36.75%           |
| 1725             | 5m 59s       | 37.25%           |
| 1750             | 6m 8s        | 37.75%           |
| 1775             | 6m 16s       | 38.25%           |
| 1800             | 6m 25s       | 39%              |
| 1825             | 6m 34s       | 39.5%            |
| 1850             | 6m 42s       | 40%              |
| 1875             | 6m 51s       | 40.5%            |
| 1900             | 7m 0s        | 41%              |
| 1925             | 7m 8s        | 41.5%            |
| 1950             | 7m 17s       | 42.25%           |
| 1975             | 7m 26s       | 42.75%           |
| 2000             | 7m 35s       | 43.25%           |
| 2025             | 7m 43s       | 43.75%           |
| 2050             | 7m 52s       | 44.25%           |
| 2075             | 8m 1s        | 45%              |
| 2100             | 8m 9s        | 45.5%            |
| 2125             | 8m 18s       | 46%              |
| 2150             | 8m 27s       | 46.5%            |
| 2175             | 8m 35s       | 47%              |
| 2200             | 8m 44s       | 47.5%            |
| 2225             | 8m 53s       | 48.25%           |
| 2250             | 9m 2s        | 48.75%           |
| 2275             | 9m 10s       | 49.25%           |
| 2300             | 9m 19s       | 49.75%           |
| 2325             | 9m 28s       | 50.25%           |
| 2350             | 9m 36s       | 50.75%           |
| 2375             | 9m 45s       | 51.5%            |
| 2400             | 9m 54s       | 52%              |
| 2425             | 10m 2s       | 52.5%            |
| 2450             | 10m 11s      | 53%              |
| 2475             | 10m 19s      | 53.5%            |
| 2500             | 10m 28s      | 54%              |
| 2525             | 10m 37s      | 54.75%           |
| 2550             | 10m 45s      | 55.25%           |
| 2575             | 10m 54s      | 55.75%           |
| 2600             | 11m 3s       | 56.25%           |
| 2625             | 11m 11s      | 56.75%           |
| 2650             | 11m 20s      | 57.25%           |
| 2675             | 11m 29s      | 58%              |
| 2700             | 11m 38s      | 58.5%            |
| 2725             | 11m 46s      | 59%              |
| 2750             | 11m 55s      | 59.5%            |
| 2775             | 12m 4s       | 60%              |
| 2800             | 12m 12s      | 60.5%            |
| 2825             | 12m 21s      | 61.25%           |
| 2850             | 12m 30s      | 61.75%           |
| 2875             | 12m 38s      | 62.25%           |
| 2900             | 12m 47s      | 62.75%           |
| 2925             | 12m 56s      | 63.25%           |
| 2950             | 13m 4s       | 63.75%           |
| 2975             | 13m 13s      | 64.5%            |
| 3000             | 13m 22s      | 65%              |
| 3025             | 13m 31s      | 65.5%            |
| 3050             | 13m 39s      | 66%              |
| 3075             | 13m 48s      | 66.5%            |
| 3100             | 13m 57s      | 67%              |
| 3125             | 14m 5s       | 67.75%           |
| 3150             | 14m 14s      | 68.25%           |
| 3175             | 14m 23s      | 68.75%           |
| 3200             | 14m 31s      | 69.25%           |
| 3225             | 14m 40s      | 69.75%           |
| 3250             | 14m 49s      | 70.25%           |
| 3275             | 14m 58s      | 71%              |
| 3300             | 15m 6s       | 71.5%            |
| 3325             | 15m 15s      | 72%              |
| 3350             | 15m 24s      | 72.5%            |
| 3375             | 15m 32s      | 73%              |
| 3400             | 15m 41s      | 73.5%            |
| 3425             | 15m 50s      | 74.25%           |
| 3450             | 15m 58s      | 74.75%           |
| 3475             | 16m 7s       | 75.25%           |
| 3500             | 16m 16s      | 75.75%           |
| 3525             | 16m 24s      | 76.25%           |
| 3550             | 16m 33s      | 76.75%           |
| 3575             | 16m 42s      | 77.5%            |
| 3600             | 16m 51s      | 78%              |
| 3625             | 16m 59s      | 78.5%            |
| 3650             | 17m 8s       | 79%              |
| 3675             | 17m 17s      | 79.5%            |
| 3700             | 17m 25s      | 80%              |
| 3725             | 17m 34s      | 80.75%           |
| 3750             | 17m 43s      | 81.25%           |
| 3775             | 17m 51s      | 81.75%           |
| 3800             | 18m 0s       | 82.25%           |
| 3825             | 18m 9s       | 82.75%           |
| 3850             | 18m 18s      | 83.25%           |
| 3875             | 18m 26s      | 84%              |
| 3900             | 18m 35s      | 84.5%            |
| 3925             | 18m 44s      | 85%              |
| 3950             | 18m 52s      | 85.5%            |
| 3975             | 19m 1s       | 86%              |
| 4000             | 19m 10s      | 86.5%            |
| 4025             | 19m 18s      | 87.25%           |
| 4050             | 19m 27s      | 87.75%           |
| 4075             | 19m 36s      | 88.25%           |
| 4100             | 19m 44s      | 88.75%           |
| 4125             | 19m 53s      | 89.25%           |
| 4150             | 20m 2s       | 90%              |
| 4175             | 20m 11s      | 90.5%            |
| 4200             | 20m 19s      | 91%              |
| 4225             | 20m 28s      | 91.5%            |
| 4250             | 20m 37s      | 92%              |
| 4275             | 20m 45s      | 92.5%            |
| 4300             | 20m 54s      | 93.25%           |
| 4325             | 21m 3s       | 93.75%           |
| 4350             | 21m 11s      | 94.25%           |
| 4375             | 21m 20s      | 94.75%           |
| 4400             | 21m 29s      | 95.25%           |
| 4425             | 21m 38s      | 95.75%           |
| 4450             | 21m 46s      | 96.5%            |
| 4475             | 21m 55s      | 97%              |
| 4500             | 22m 4s       | 97.5%            |
| 4525             | 22m 12s      | 98%              |
| 4550             | 22m 21s      | 98.5%            |
| 4575             | 22m 30s      | 99%              |
| 4600             | 22m 38s      | 99.75%           |
| 4611             | 22m 42s      | 100%             |
| 4610             | 22m 42s      | 99.75%           |
+------------------+--------------+------------------+
EVALUATION METRICS FOR MODEL:
----------------------------------
Number of examples: 4611
Number of classes: 10
Accuracy: 92.41%

******CONFUSION MATRIX******
----------------------------------
True\Pred c0   c1   c2   c3   c4   c5   c6   c7   c8   c9   
c0        484  4    3    9    4    2    2    1    2    8    
c1        1    439  8    2    2    2    3    0    1    4    
c2        2    5    490  0    0    3    6    0    6    2    
c3        10   2    2    422  19   3    4    0    3    5    
c4        10   2    2    26   402  3    3    3    3    2    
c5        6    0    0    3    7    429  6    1    1    7    
c6        5    3    3    2    6    7    447  1    3    1    
c7        0    1    2    0    0    1    3    419  2    4    
c8        11   7    5    4    3    4    8    3    325  13   
c9        2    4    2    6    3    0    1    4    11   404  

******PRECISION RECALL******
----------------------------------
Class Precision(%)   Recall(%)      
c0    91.15          93.26          
c1    94.00          95.02          
c2    94.78          95.33          
c3    89.03          89.79          
c4    90.13          88.16          
c5    94.49          93.26          
c6    92.55          93.51          
c7    96.99          96.99          
c8    91.04          84.86          
c9    89.78          92.45          


Evaluation time: 1366.621894955635
Program ended with exit code: 0