No arguments are passed. Using default.
TRAINING IMAGE CLASSIFIER ON 17995 images in 10 CATEGORIES
Extracting image features from full data set.
Analyzing and extracting image features.
+------------------+--------------+------------------+
| Images Processed | Elapsed Time | Percent Complete |
+------------------+--------------+------------------+
2019-06-14 09:39:06.529211+0200 DistractedDriverCreateML[10590:522937] Metal API Validation Enabled
2019-06-14 09:39:06.691965+0200 DistractedDriverCreateML[10590:522937] flock failed to lock maps file: errno = 35
2019-06-14 09:39:06.899117+0200 DistractedDriverCreateML[10590:522937] flock failed to lock maps file: errno = 35
| 1                | 1.89s        | 0%               |
| 2                | 2.20s        | 0%               |
| 3                | 2.44s        | 0%               |
| 4                | 2.65s        | 0%               |
| 5                | 2.85s        | 0%               |
| 10               | 3.81s        | 0%               |
| 25               | 6.67s        | 0%               |
| 50               | 11.32s       | 0.25%            |
| 75               | 15.93s       | 0.25%            |
| 100              | 20.70s       | 0.5%             |
| 125              | 25.59s       | 0.5%             |
| 150              | 30.25s       | 0.75%            |
| 175              | 34.88s       | 0.75%            |
| 200              | 39.52s       | 1%               |
| 225              | 44.12s       | 1.25%            |
| 250              | 48.73s       | 1.25%            |
| 275              | 53.39s       | 1.5%             |
| 300              | 58.11s       | 1.5%             |
| 325              | 1m 2s        | 1.75%            |
| 350              | 1m 7s        | 1.75%            |
| 375              | 1m 12s       | 2%               |
| 400              | 1m 16s       | 2%               |
| 425              | 1m 21s       | 2.25%            |
| 450              | 1m 26s       | 2.5%             |
| 475              | 1m 31s       | 2.5%             |
| 500              | 1m 35s       | 2.75%            |
| 525              | 1m 40s       | 2.75%            |
| 550              | 1m 45s       | 3%               |
| 575              | 1m 49s       | 3%               |
| 600              | 1m 54s       | 3.25%            |
| 625              | 1m 59s       | 3.25%            |
| 650              | 2m 4s        | 3.5%             |
| 675              | 2m 8s        | 3.75%            |
| 700              | 2m 13s       | 3.75%            |
| 725              | 2m 18s       | 4%               |
| 750              | 2m 23s       | 4%               |
| 775              | 2m 27s       | 4.25%            |
| 800              | 2m 32s       | 4.25%            |
| 825              | 2m 37s       | 4.5%             |
| 850              | 2m 41s       | 4.5%             |
| 875              | 2m 46s       | 4.75%            |
| 900              | 2m 51s       | 5%               |
| 925              | 2m 55s       | 5%               |
| 950              | 3m 0s        | 5.25%            |
| 975              | 3m 4s        | 5.25%            |
| 1000             | 3m 9s        | 5.5%             |
| 1025             | 3m 14s       | 5.5%             |
| 1050             | 3m 18s       | 5.75%            |
| 1075             | 3m 23s       | 5.75%            |
| 1100             | 3m 28s       | 6%               |
| 1125             | 3m 32s       | 6.25%            |
| 1150             | 3m 37s       | 6.25%            |
| 1175             | 3m 42s       | 6.5%             |
| 1200             | 3m 46s       | 6.5%             |
| 1225             | 3m 51s       | 6.75%            |
| 1250             | 3m 55s       | 6.75%            |
| 1275             | 4m 0s        | 7%               |
| 1300             | 4m 5s        | 7%               |
| 1325             | 4m 9s        | 7.25%            |
| 1350             | 4m 14s       | 7.5%             |
| 1375             | 4m 18s       | 7.5%             |
| 1400             | 4m 23s       | 7.75%            |
| 1425             | 4m 28s       | 7.75%            |
| 1450             | 4m 32s       | 8%               |
| 1475             | 4m 37s       | 8%               |
| 1500             | 4m 41s       | 8.25%            |
| 1525             | 4m 46s       | 8.25%            |
| 1550             | 4m 51s       | 8.5%             |
| 1575             | 4m 55s       | 8.75%            |
| 1600             | 5m 0s        | 8.75%            |
| 1625             | 5m 4s        | 9%               |
| 1650             | 5m 9s        | 9%               |
| 1675             | 5m 14s       | 9.25%            |
| 1700             | 5m 18s       | 9.25%            |
| 1725             | 5m 23s       | 9.5%             |
| 1750             | 5m 27s       | 9.5%             |
| 1775             | 5m 32s       | 9.75%            |
| 1800             | 5m 37s       | 10%              |
| 1825             | 5m 41s       | 10%              |
| 1850             | 5m 46s       | 10.25%           |
| 1875             | 5m 51s       | 10.25%           |
| 1900             | 5m 55s       | 10.5%            |
| 1925             | 6m 0s        | 10.5%            |
| 1950             | 6m 4s        | 10.75%           |
| 1975             | 6m 9s        | 10.75%           |
| 2000             | 6m 14s       | 11%              |
| 2025             | 6m 18s       | 11.25%           |
| 2050             | 6m 23s       | 11.25%           |
| 2075             | 6m 27s       | 11.5%            |
| 2100             | 6m 32s       | 11.5%            |
| 2125             | 6m 37s       | 11.75%           |
| 2150             | 6m 41s       | 11.75%           |
| 2175             | 6m 46s       | 12%              |
| 2200             | 6m 50s       | 12%              |
| 2225             | 6m 55s       | 12.25%           |
| 2250             | 7m 0s        | 12.5%            |
| 2275             | 7m 4s        | 12.5%            |
| 2300             | 7m 9s        | 12.75%           |
| 2325             | 7m 13s       | 12.75%           |
| 2350             | 7m 18s       | 13%              |
| 2375             | 7m 23s       | 13%              |
| 2400             | 7m 27s       | 13.25%           |
| 2425             | 7m 32s       | 13.25%           |
| 2450             | 7m 37s       | 13.5%            |
| 2475             | 7m 41s       | 13.75%           |
| 2500             | 7m 46s       | 13.75%           |
| 2525             | 7m 50s       | 14%              |
| 2550             | 7m 55s       | 14%              |
| 2575             | 8m 0s        | 14.25%           |
| 2600             | 8m 4s        | 14.25%           |
| 2625             | 8m 9s        | 14.5%            |
| 2650             | 8m 13s       | 14.5%            |
| 2675             | 8m 18s       | 14.75%           |
| 2700             | 8m 23s       | 15%              |
| 2725             | 8m 27s       | 15%              |
| 2750             | 8m 32s       | 15.25%           |
| 2775             | 8m 36s       | 15.25%           |
| 2800             | 8m 41s       | 15.5%            |
| 2825             | 8m 46s       | 15.5%            |
| 2850             | 8m 50s       | 15.75%           |
| 2875             | 8m 55s       | 15.75%           |
| 2900             | 8m 59s       | 16%              |
| 2925             | 9m 4s        | 16.25%           |
| 2950             | 9m 9s        | 16.25%           |
| 2975             | 9m 13s       | 16.5%            |
| 3000             | 9m 18s       | 16.5%            |
| 3025             | 9m 22s       | 16.75%           |
| 3050             | 9m 27s       | 16.75%           |
| 3075             | 9m 32s       | 17%              |
| 3100             | 9m 36s       | 17%              |
| 3125             | 9m 41s       | 17.25%           |
| 3150             | 9m 45s       | 17.5%            |
| 3175             | 9m 50s       | 17.5%            |
| 3200             | 9m 55s       | 17.75%           |
| 3225             | 9m 59s       | 17.75%           |
| 3250             | 10m 4s       | 18%              |
| 3275             | 10m 8s       | 18%              |
| 3300             | 10m 13s      | 18.25%           |
| 3325             | 10m 18s      | 18.25%           |
| 3350             | 10m 22s      | 18.5%            |
| 3375             | 10m 27s      | 18.75%           |
| 3400             | 10m 31s      | 18.75%           |
| 3425             | 10m 36s      | 19%              |
| 3450             | 10m 41s      | 19%              |
| 3475             | 10m 45s      | 19.25%           |
| 3500             | 10m 50s      | 19.25%           |
| 3525             | 10m 54s      | 19.5%            |
| 3550             | 10m 59s      | 19.5%            |
| 3575             | 11m 4s       | 19.75%           |
| 3600             | 11m 8s       | 20%              |
| 3625             | 11m 13s      | 20%              |
| 3650             | 11m 17s      | 20.25%           |
| 3675             | 11m 22s      | 20.25%           |
| 3700             | 11m 27s      | 20.5%            |
| 3725             | 11m 31s      | 20.5%            |
| 3750             | 11m 36s      | 20.75%           |
| 3775             | 11m 40s      | 20.75%           |
| 3800             | 11m 45s      | 21%              |
| 3825             | 11m 50s      | 21.25%           |
| 3850             | 11m 54s      | 21.25%           |
| 3875             | 11m 59s      | 21.5%            |
| 3900             | 12m 3s       | 21.5%            |
| 3925             | 12m 8s       | 21.75%           |
| 3950             | 12m 13s      | 21.75%           |
| 3975             | 12m 17s      | 22%              |
| 4000             | 12m 22s      | 22%              |
| 4025             | 12m 26s      | 22.25%           |
| 4050             | 12m 31s      | 22.5%            |
| 4075             | 12m 36s      | 22.5%            |
| 4100             | 12m 40s      | 22.75%           |
| 4125             | 12m 45s      | 22.75%           |
| 4150             | 12m 49s      | 23%              |
| 4175             | 12m 54s      | 23%              |
| 4200             | 12m 59s      | 23.25%           |
| 4225             | 13m 3s       | 23.25%           |
| 4250             | 13m 8s       | 23.5%            |
| 4275             | 13m 13s      | 23.75%           |
| 4300             | 13m 17s      | 23.75%           |
| 4325             | 13m 22s      | 24%              |
| 4350             | 13m 26s      | 24%              |
| 4375             | 13m 31s      | 24.25%           |
| 4400             | 13m 36s      | 24.25%           |
| 4425             | 13m 40s      | 24.5%            |
| 4450             | 13m 45s      | 24.5%            |
| 4475             | 13m 49s      | 24.75%           |
| 4500             | 13m 54s      | 25%              |
| 4525             | 13m 59s      | 25%              |
| 4550             | 14m 3s       | 25.25%           |
| 4575             | 14m 8s       | 25.25%           |
| 4600             | 14m 13s      | 25.5%            |
| 4625             | 14m 17s      | 25.5%            |
| 4650             | 14m 22s      | 25.75%           |
| 4675             | 14m 26s      | 25.75%           |
| 4700             | 14m 31s      | 26%              |
| 4725             | 14m 36s      | 26.25%           |
| 4750             | 14m 40s      | 26.25%           |
| 4775             | 14m 45s      | 26.5%            |
| 4800             | 14m 49s      | 26.5%            |
| 4825             | 14m 54s      | 26.75%           |
| 4850             | 14m 59s      | 26.75%           |
| 4875             | 15m 3s       | 27%              |
| 4900             | 15m 8s       | 27%              |
| 4925             | 15m 12s      | 27.25%           |
| 4950             | 15m 17s      | 27.5%            |
| 4975             | 15m 22s      | 27.5%            |
| 5000             | 15m 26s      | 27.75%           |
| 5025             | 15m 31s      | 27.75%           |
| 5050             | 15m 35s      | 28%              |
| 5075             | 15m 40s      | 28%              |
| 5100             | 15m 45s      | 28.25%           |
| 5125             | 15m 49s      | 28.25%           |
| 5150             | 15m 54s      | 28.5%            |
| 5175             | 15m 59s      | 28.75%           |
| 5200             | 16m 3s       | 28.75%           |
| 5225             | 16m 8s       | 29%              |
| 5250             | 16m 12s      | 29%              |
| 5275             | 16m 17s      | 29.25%           |
| 5300             | 16m 22s      | 29.25%           |
| 5325             | 16m 26s      | 29.5%            |
| 5350             | 16m 31s      | 29.5%            |
| 5375             | 16m 35s      | 29.75%           |
| 5400             | 16m 40s      | 30%              |
| 5425             | 16m 45s      | 30%              |
| 5450             | 16m 49s      | 30.25%           |
| 5475             | 16m 54s      | 30.25%           |
| 5500             | 16m 58s      | 30.5%            |
| 5525             | 17m 3s       | 30.5%            |
| 5550             | 17m 8s       | 30.75%           |
| 5575             | 17m 12s      | 30.75%           |
| 5600             | 17m 17s      | 31%              |
| 5625             | 17m 21s      | 31.25%           |
| 5650             | 17m 26s      | 31.25%           |
| 5675             | 17m 31s      | 31.5%            |
| 5700             | 17m 35s      | 31.5%            |
| 5725             | 17m 40s      | 31.75%           |
| 5750             | 17m 44s      | 31.75%           |
| 5775             | 17m 49s      | 32%              |
| 5800             | 17m 54s      | 32%              |
| 5825             | 17m 58s      | 32.25%           |
| 5850             | 18m 3s       | 32.5%            |
| 5875             | 18m 7s       | 32.5%            |
| 5900             | 18m 12s      | 32.75%           |
| 5925             | 18m 17s      | 32.75%           |
| 5950             | 18m 21s      | 33%              |
| 5975             | 18m 26s      | 33%              |
| 6000             | 18m 30s      | 33.25%           |
| 6025             | 18m 35s      | 33.25%           |
| 6050             | 18m 40s      | 33.5%            |
| 6075             | 18m 44s      | 33.75%           |
| 6100             | 18m 49s      | 33.75%           |
| 6125             | 18m 53s      | 34%              |
| 6150             | 18m 58s      | 34%              |
| 6175             | 19m 3s       | 34.25%           |
| 6200             | 19m 7s       | 34.25%           |
| 6225             | 19m 12s      | 34.5%            |
| 6250             | 19m 16s      | 34.5%            |
| 6275             | 19m 21s      | 34.75%           |
| 6300             | 19m 26s      | 35%              |
| 6325             | 19m 30s      | 35%              |
| 6350             | 19m 35s      | 35.25%           |
| 6375             | 19m 40s      | 35.25%           |
| 6400             | 19m 44s      | 35.5%            |
| 6425             | 19m 49s      | 35.5%            |
| 6450             | 19m 53s      | 35.75%           |
| 6475             | 19m 58s      | 35.75%           |
| 6500             | 20m 3s       | 36%              |
| 6525             | 20m 7s       | 36.25%           |
| 6550             | 20m 12s      | 36.25%           |
| 6575             | 20m 16s      | 36.5%            |
| 6600             | 20m 21s      | 36.5%            |
| 6625             | 20m 26s      | 36.75%           |
| 6650             | 20m 30s      | 36.75%           |
| 6675             | 20m 35s      | 37%              |
| 6700             | 20m 39s      | 37%              |
| 6725             | 20m 44s      | 37.25%           |
| 6750             | 20m 49s      | 37.5%            |
| 6775             | 20m 53s      | 37.5%            |
| 6800             | 20m 58s      | 37.75%           |
| 6825             | 21m 2s       | 37.75%           |
| 6850             | 21m 7s       | 38%              |
| 6875             | 21m 12s      | 38%              |
| 6900             | 21m 16s      | 38.25%           |
| 6925             | 21m 21s      | 38.25%           |
| 6950             | 21m 26s      | 38.5%            |
| 6975             | 21m 30s      | 38.75%           |
| 7000             | 21m 35s      | 38.75%           |
| 7025             | 21m 39s      | 39%              |
| 7050             | 21m 44s      | 39%              |
| 7075             | 21m 49s      | 39.25%           |
| 7100             | 21m 53s      | 39.25%           |
| 7125             | 21m 58s      | 39.5%            |
| 7150             | 22m 2s       | 39.5%            |
| 7175             | 22m 7s       | 39.75%           |
| 7200             | 22m 12s      | 40%              |
| 7225             | 22m 16s      | 40%              |
| 7250             | 22m 21s      | 40.25%           |
| 7275             | 22m 26s      | 40.25%           |
| 7300             | 22m 30s      | 40.5%            |
| 7325             | 22m 35s      | 40.5%            |
| 7350             | 22m 39s      | 40.75%           |
| 7375             | 22m 44s      | 40.75%           |
| 7400             | 22m 49s      | 41%              |
| 7425             | 22m 53s      | 41.25%           |
| 7450             | 22m 58s      | 41.25%           |
| 7475             | 23m 2s       | 41.5%            |
| 7500             | 23m 7s       | 41.5%            |
| 7525             | 23m 12s      | 41.75%           |
| 7550             | 23m 16s      | 41.75%           |
| 7575             | 23m 21s      | 42%              |
| 7600             | 23m 25s      | 42%              |
| 7625             | 23m 30s      | 42.25%           |
| 7650             | 23m 35s      | 42.5%            |
| 7675             | 23m 39s      | 42.5%            |
| 7700             | 23m 44s      | 42.75%           |
| 7725             | 23m 49s      | 42.75%           |
| 7750             | 23m 53s      | 43%              |
| 7775             | 23m 58s      | 43%              |
| 7800             | 24m 2s       | 43.25%           |
| 7825             | 24m 7s       | 43.25%           |
| 7850             | 24m 12s      | 43.5%            |
| 7875             | 24m 16s      | 43.75%           |
| 7900             | 24m 21s      | 43.75%           |
| 7925             | 24m 25s      | 44%              |
| 7950             | 24m 30s      | 44%              |
| 7975             | 24m 35s      | 44.25%           |
| 8000             | 24m 39s      | 44.25%           |
| 8025             | 24m 44s      | 44.5%            |
| 8050             | 24m 48s      | 44.5%            |
| 8075             | 24m 53s      | 44.75%           |
| 8100             | 24m 58s      | 45%              |
| 8125             | 25m 2s       | 45%              |
| 8150             | 25m 7s       | 45.25%           |
| 8175             | 25m 11s      | 45.25%           |
| 8200             | 25m 16s      | 45.5%            |
| 8225             | 25m 21s      | 45.5%            |
| 8250             | 25m 25s      | 45.75%           |
| 8275             | 25m 30s      | 45.75%           |
| 8300             | 25m 34s      | 46%              |
| 8325             | 25m 39s      | 46.25%           |
| 8350             | 25m 44s      | 46.25%           |
| 8375             | 25m 48s      | 46.5%            |
| 8400             | 25m 53s      | 46.5%            |
| 8425             | 25m 57s      | 46.75%           |
| 8450             | 26m 2s       | 46.75%           |
| 8475             | 26m 7s       | 47%              |
| 8500             | 26m 11s      | 47%              |
| 8525             | 26m 16s      | 47.25%           |
| 8550             | 26m 20s      | 47.5%            |
| 8575             | 26m 25s      | 47.5%            |
| 8600             | 26m 30s      | 47.75%           |
| 8625             | 26m 34s      | 47.75%           |
| 8650             | 26m 39s      | 48%              |
| 8675             | 26m 43s      | 48%              |
| 8700             | 26m 48s      | 48.25%           |
| 8725             | 26m 53s      | 48.25%           |
| 8750             | 26m 57s      | 48.5%            |
| 8775             | 27m 2s       | 48.75%           |
| 8800             | 27m 6s       | 48.75%           |
| 8825             | 27m 11s      | 49%              |
| 8850             | 27m 16s      | 49%              |
| 8875             | 27m 20s      | 49.25%           |
| 8900             | 27m 25s      | 49.25%           |
| 8925             | 27m 29s      | 49.5%            |
| 8950             | 27m 34s      | 49.5%            |
| 8975             | 27m 39s      | 49.75%           |
| 9000             | 27m 43s      | 50%              |
| 9025             | 27m 48s      | 50%              |
| 9050             | 27m 52s      | 50.25%           |
| 9075             | 27m 57s      | 50.25%           |
| 9100             | 28m 2s       | 50.5%            |
| 9125             | 28m 6s       | 50.5%            |
| 9150             | 28m 11s      | 50.75%           |
| 9175             | 28m 15s      | 50.75%           |
| 9200             | 28m 20s      | 51%              |
| 9225             | 28m 25s      | 51.25%           |
| 9250             | 28m 29s      | 51.25%           |
| 9275             | 28m 34s      | 51.5%            |
| 9300             | 28m 38s      | 51.5%            |
| 9325             | 28m 43s      | 51.75%           |
| 9350             | 28m 48s      | 51.75%           |
| 9375             | 28m 52s      | 52%              |
| 9400             | 28m 57s      | 52%              |
| 9425             | 29m 1s       | 52.25%           |
| 9450             | 29m 6s       | 52.5%            |
| 9475             | 29m 11s      | 52.5%            |
| 9500             | 29m 15s      | 52.75%           |
| 9525             | 29m 20s      | 52.75%           |
| 9550             | 29m 24s      | 53%              |
| 9575             | 29m 29s      | 53%              |
| 9600             | 29m 34s      | 53.25%           |
| 9625             | 29m 38s      | 53.25%           |
| 9650             | 29m 43s      | 53.5%            |
| 9675             | 29m 48s      | 53.75%           |
| 9700             | 29m 52s      | 53.75%           |
| 9725             | 29m 57s      | 54%              |
| 9750             | 30m 1s       | 54%              |
| 9775             | 30m 6s       | 54.25%           |
| 9800             | 30m 11s      | 54.25%           |
| 9825             | 30m 15s      | 54.5%            |
| 9850             | 30m 20s      | 54.5%            |
| 9875             | 30m 24s      | 54.75%           |
| 9900             | 30m 29s      | 55%              |
| 9925             | 30m 34s      | 55%              |
| 9950             | 30m 38s      | 55.25%           |
| 9975             | 30m 43s      | 55.25%           |
| 10000            | 30m 47s      | 55.5%            |
| 10025            | 30m 52s      | 55.5%            |
| 10050            | 30m 57s      | 55.75%           |
| 10075            | 31m 1s       | 55.75%           |
| 10100            | 31m 6s       | 56%              |
| 10125            | 31m 10s      | 56.25%           |
| 10150            | 31m 15s      | 56.25%           |
| 10175            | 31m 20s      | 56.5%            |
| 10200            | 31m 24s      | 56.5%            |
| 10225            | 31m 29s      | 56.75%           |
| 10250            | 31m 33s      | 56.75%           |
| 10275            | 31m 38s      | 57%              |
| 10300            | 31m 43s      | 57%              |
| 10325            | 31m 47s      | 57.25%           |
| 10350            | 31m 52s      | 57.5%            |
| 10375            | 31m 57s      | 57.5%            |
| 10400            | 32m 1s       | 57.75%           |
| 10425            | 32m 6s       | 57.75%           |
| 10450            | 32m 10s      | 58%              |
| 10475            | 32m 15s      | 58%              |
| 10500            | 32m 20s      | 58.25%           |
| 10525            | 32m 24s      | 58.25%           |
| 10550            | 32m 29s      | 58.5%            |
| 10575            | 32m 33s      | 58.75%           |
| 10600            | 32m 38s      | 58.75%           |
| 10625            | 32m 43s      | 59%              |
| 10650            | 32m 47s      | 59%              |
| 10675            | 32m 52s      | 59.25%           |
| 10700            | 32m 56s      | 59.25%           |
| 10725            | 33m 1s       | 59.5%            |
| 10750            | 33m 6s       | 59.5%            |
| 10775            | 33m 10s      | 59.75%           |
| 10800            | 33m 15s      | 60%              |
| 10825            | 33m 19s      | 60%              |
| 10850            | 33m 24s      | 60.25%           |
| 10875            | 33m 29s      | 60.25%           |
| 10900            | 33m 33s      | 60.5%            |
| 10925            | 33m 38s      | 60.5%            |
| 10950            | 33m 43s      | 60.75%           |
| 10975            | 33m 47s      | 60.75%           |
| 11000            | 33m 52s      | 61%              |
| 11025            | 33m 56s      | 61.25%           |
| 11050            | 34m 1s       | 61.25%           |
| 11075            | 34m 6s       | 61.5%            |
| 11100            | 34m 10s      | 61.5%            |
| 11125            | 34m 15s      | 61.75%           |
| 11150            | 34m 19s      | 61.75%           |
| 11175            | 34m 24s      | 62%              |
| 11200            | 34m 29s      | 62%              |
| 11225            | 34m 33s      | 62.25%           |
| 11250            | 34m 38s      | 62.5%            |
| 11275            | 34m 42s      | 62.5%            |
| 11300            | 34m 47s      | 62.75%           |
| 11325            | 34m 52s      | 62.75%           |
| 11350            | 34m 56s      | 63%              |
| 11375            | 35m 1s       | 63%              |
| 11400            | 35m 5s       | 63.25%           |
| 11425            | 35m 10s      | 63.25%           |
| 11450            | 35m 15s      | 63.5%            |
| 11475            | 35m 19s      | 63.75%           |
| 11500            | 35m 24s      | 63.75%           |
| 11525            | 35m 28s      | 64%              |
| 11550            | 35m 33s      | 64%              |
| 11575            | 35m 38s      | 64.25%           |
| 11600            | 35m 42s      | 64.25%           |
| 11625            | 35m 47s      | 64.5%            |
| 11650            | 35m 51s      | 64.5%            |
| 11675            | 35m 56s      | 64.75%           |
| 11700            | 36m 1s       | 65%              |
| 11725            | 36m 5s       | 65%              |
| 11750            | 36m 10s      | 65.25%           |
| 11775            | 36m 14s      | 65.25%           |
| 11800            | 36m 19s      | 65.5%            |
| 11825            | 36m 24s      | 65.5%            |
| 11850            | 36m 28s      | 65.75%           |
| 11875            | 36m 33s      | 65.75%           |
| 11900            | 36m 38s      | 66%              |
| 11925            | 36m 42s      | 66.25%           |
| 11950            | 36m 47s      | 66.25%           |
| 11975            | 36m 51s      | 66.5%            |
| 12000            | 36m 56s      | 66.5%            |
| 12025            | 37m 1s       | 66.75%           |
| 12050            | 37m 5s       | 66.75%           |
| 12075            | 37m 10s      | 67%              |
| 12100            | 37m 14s      | 67%              |
| 12125            | 37m 19s      | 67.25%           |
| 12150            | 37m 24s      | 67.5%            |
| 12175            | 37m 28s      | 67.5%            |
| 12200            | 37m 33s      | 67.75%           |
| 12225            | 37m 37s      | 67.75%           |
| 12250            | 37m 42s      | 68%              |
| 12275            | 37m 47s      | 68%              |
| 12300            | 37m 51s      | 68.25%           |
| 12325            | 37m 56s      | 68.25%           |
| 12350            | 38m 0s       | 68.5%            |
| 12375            | 38m 5s       | 68.75%           |
| 12400            | 38m 10s      | 68.75%           |
| 12425            | 38m 14s      | 69%              |
| 12450            | 38m 19s      | 69%              |
| 12475            | 38m 23s      | 69.25%           |
| 12500            | 38m 28s      | 69.25%           |
| 12525            | 38m 33s      | 69.5%            |
| 12550            | 38m 37s      | 69.5%            |
| 12575            | 38m 42s      | 69.75%           |
| 12600            | 38m 46s      | 70%              |
| 12625            | 38m 51s      | 70%              |
| 12650            | 38m 56s      | 70.25%           |
| 12675            | 39m 0s       | 70.25%           |
| 12700            | 39m 5s       | 70.5%            |
| 12725            | 39m 9s       | 70.5%            |
| 12750            | 39m 14s      | 70.75%           |
| 12775            | 39m 19s      | 70.75%           |
| 12800            | 39m 23s      | 71%              |
| 12825            | 39m 28s      | 71.25%           |
| 12850            | 39m 32s      | 71.25%           |
| 12875            | 39m 37s      | 71.5%            |
| 12900            | 39m 42s      | 71.5%            |
| 12925            | 39m 46s      | 71.75%           |
| 12950            | 39m 51s      | 71.75%           |
| 12975            | 39m 56s      | 72%              |
| 13000            | 40m 0s       | 72%              |
| 13025            | 40m 5s       | 72.25%           |
| 13050            | 40m 9s       | 72.5%            |
| 13075            | 40m 14s      | 72.5%            |
| 13100            | 40m 19s      | 72.75%           |
| 13125            | 40m 23s      | 72.75%           |
| 13150            | 40m 28s      | 73%              |
| 13175            | 40m 32s      | 73%              |
| 13200            | 40m 37s      | 73.25%           |
| 13225            | 40m 42s      | 73.25%           |
| 13250            | 40m 46s      | 73.5%            |
| 13275            | 40m 51s      | 73.75%           |
| 13300            | 40m 55s      | 73.75%           |
| 13325            | 41m 0s       | 74%              |
| 13350            | 41m 5s       | 74%              |
| 13375            | 41m 9s       | 74.25%           |
| 13400            | 41m 14s      | 74.25%           |
| 13425            | 41m 18s      | 74.5%            |
| 13450            | 41m 23s      | 74.5%            |
| 13475            | 41m 28s      | 74.75%           |
| 13500            | 41m 32s      | 75%              |
| 13525            | 41m 37s      | 75%              |
| 13550            | 41m 42s      | 75.25%           |
| 13575            | 41m 46s      | 75.25%           |
| 13600            | 41m 51s      | 75.5%            |
| 13625            | 41m 55s      | 75.5%            |
| 13650            | 42m 0s       | 75.75%           |
| 13675            | 42m 5s       | 75.75%           |
| 13700            | 42m 9s       | 76%              |
| 13725            | 42m 14s      | 76.25%           |
| 13750            | 42m 18s      | 76.25%           |
| 13775            | 42m 23s      | 76.5%            |
| 13800            | 42m 28s      | 76.5%            |
| 13825            | 42m 32s      | 76.75%           |
| 13850            | 42m 37s      | 76.75%           |
| 13875            | 42m 41s      | 77%              |
| 13900            | 42m 46s      | 77%              |
| 13925            | 42m 51s      | 77.25%           |
| 13950            | 42m 55s      | 77.5%            |
| 13975            | 43m 0s       | 77.5%            |
| 14000            | 43m 4s       | 77.75%           |
| 14025            | 43m 9s       | 77.75%           |
| 14050            | 43m 14s      | 78%              |
| 14075            | 43m 18s      | 78%              |
| 14100            | 43m 23s      | 78.25%           |
| 14125            | 43m 27s      | 78.25%           |
| 14150            | 43m 32s      | 78.5%            |
| 14175            | 43m 37s      | 78.75%           |
| 14200            | 43m 41s      | 78.75%           |
| 14225            | 43m 46s      | 79%              |
| 14250            | 43m 50s      | 79%              |
| 14275            | 43m 55s      | 79.25%           |
| 14300            | 44m 0s       | 79.25%           |
| 14325            | 44m 4s       | 79.5%            |
| 14350            | 44m 9s       | 79.5%            |
| 14375            | 44m 14s      | 79.75%           |
| 14400            | 44m 18s      | 80%              |
| 14425            | 44m 23s      | 80%              |
| 14450            | 44m 27s      | 80.25%           |
| 14475            | 44m 32s      | 80.25%           |
| 14500            | 44m 37s      | 80.5%            |
| 14525            | 44m 41s      | 80.5%            |
| 14550            | 44m 46s      | 80.75%           |
| 14575            | 44m 50s      | 80.75%           |
| 14600            | 44m 55s      | 81%              |
| 14625            | 45m 0s       | 81.25%           |
| 14650            | 45m 4s       | 81.25%           |
| 14675            | 45m 9s       | 81.5%            |
| 14700            | 45m 13s      | 81.5%            |
| 14725            | 45m 18s      | 81.75%           |
| 14750            | 45m 23s      | 81.75%           |
| 14775            | 45m 27s      | 82%              |
| 14800            | 45m 32s      | 82%              |
| 14825            | 45m 36s      | 82.25%           |
| 14850            | 45m 41s      | 82.5%            |
| 14875            | 45m 46s      | 82.5%            |
| 14900            | 45m 50s      | 82.75%           |
| 14925            | 45m 55s      | 82.75%           |
| 14950            | 45m 59s      | 83%              |
| 14975            | 46m 4s       | 83%              |
| 15000            | 46m 9s       | 83.25%           |
| 15025            | 46m 13s      | 83.25%           |
| 15050            | 46m 18s      | 83.5%            |
| 15075            | 46m 22s      | 83.75%           |
| 15100            | 46m 27s      | 83.75%           |
| 15125            | 46m 32s      | 84%              |
| 15150            | 46m 36s      | 84%              |
| 15175            | 46m 41s      | 84.25%           |
| 15200            | 46m 45s      | 84.25%           |
| 15225            | 46m 50s      | 84.5%            |
| 15250            | 46m 55s      | 84.5%            |
| 15275            | 46m 59s      | 84.75%           |
| 15300            | 47m 4s       | 85%              |
| 15325            | 47m 9s       | 85%              |
| 15350            | 47m 13s      | 85.25%           |
| 15375            | 47m 18s      | 85.25%           |
| 15400            | 47m 22s      | 85.5%            |
| 15425            | 47m 27s      | 85.5%            |
| 15450            | 47m 32s      | 85.75%           |
| 15475            | 47m 36s      | 85.75%           |
| 15500            | 47m 41s      | 86%              |
| 15525            | 47m 45s      | 86.25%           |
| 15550            | 47m 50s      | 86.25%           |
| 15575            | 47m 55s      | 86.5%            |
| 15600            | 47m 59s      | 86.5%            |
| 15625            | 48m 4s       | 86.75%           |
| 15650            | 48m 8s       | 86.75%           |
| 15675            | 48m 13s      | 87%              |
| 15700            | 48m 18s      | 87%              |
| 15725            | 48m 22s      | 87.25%           |
| 15750            | 48m 27s      | 87.5%            |
| 15775            | 48m 31s      | 87.5%            |
| 15800            | 48m 36s      | 87.75%           |
| 15825            | 48m 41s      | 87.75%           |
| 15850            | 48m 45s      | 88%              |
| 15875            | 48m 50s      | 88%              |
| 15900            | 48m 54s      | 88.25%           |
| 15925            | 48m 59s      | 88.25%           |
| 15950            | 49m 4s       | 88.5%            |
| 15975            | 49m 8s       | 88.75%           |
| 16000            | 49m 13s      | 88.75%           |
| 16025            | 49m 17s      | 89%              |
| 16050            | 49m 22s      | 89%              |
| 16075            | 49m 27s      | 89.25%           |
| 16100            | 49m 31s      | 89.25%           |
| 16125            | 49m 36s      | 89.5%            |
| 16150            | 49m 41s      | 89.5%            |
| 16175            | 49m 45s      | 89.75%           |
| 16200            | 49m 50s      | 90%              |
| 16225            | 49m 54s      | 90%              |
| 16250            | 49m 59s      | 90.25%           |
| 16275            | 50m 4s       | 90.25%           |
| 16300            | 50m 8s       | 90.5%            |
| 16325            | 50m 13s      | 90.5%            |
| 16350            | 50m 17s      | 90.75%           |
| 16375            | 50m 22s      | 90.75%           |
| 16400            | 50m 27s      | 91%              |
| 16425            | 50m 31s      | 91.25%           |
| 16450            | 50m 36s      | 91.25%           |
| 16475            | 50m 40s      | 91.5%            |
| 16500            | 50m 45s      | 91.5%            |
| 16525            | 50m 50s      | 91.75%           |
| 16550            | 50m 54s      | 91.75%           |
| 16575            | 50m 59s      | 92%              |
| 16600            | 51m 3s       | 92%              |
| 16625            | 51m 8s       | 92.25%           |
| 16650            | 51m 13s      | 92.5%            |
| 16675            | 51m 17s      | 92.5%            |
| 16700            | 51m 22s      | 92.75%           |
| 16725            | 51m 26s      | 92.75%           |
| 16750            | 51m 31s      | 93%              |
| 16775            | 51m 36s      | 93%              |
| 16800            | 51m 40s      | 93.25%           |
| 16825            | 51m 45s      | 93.25%           |
| 16850            | 51m 49s      | 93.5%            |
| 16875            | 51m 54s      | 93.75%           |
| 16900            | 51m 59s      | 93.75%           |
| 16925            | 52m 3s       | 94%              |
| 16950            | 52m 8s       | 94%              |
| 16975            | 52m 12s      | 94.25%           |
| 17000            | 52m 17s      | 94.25%           |
| 17025            | 52m 22s      | 94.5%            |
| 17050            | 52m 26s      | 94.5%            |
| 17075            | 52m 31s      | 94.75%           |
| 17100            | 52m 36s      | 95%              |
| 17125            | 52m 40s      | 95%              |
| 17150            | 52m 45s      | 95.25%           |
| 17175            | 52m 49s      | 95.25%           |
| 17200            | 52m 54s      | 95.5%            |
| 17225            | 52m 59s      | 95.5%            |
| 17250            | 53m 3s       | 95.75%           |
| 17275            | 53m 8s       | 95.75%           |
| 17300            | 53m 12s      | 96%              |
| 17325            | 53m 17s      | 96.25%           |
| 17350            | 53m 22s      | 96.25%           |
| 17375            | 53m 26s      | 96.5%            |
| 17400            | 53m 31s      | 96.5%            |
| 17425            | 53m 35s      | 96.75%           |
| 17450            | 53m 40s      | 96.75%           |
| 17475            | 53m 45s      | 97%              |
| 17500            | 53m 49s      | 97%              |
| 17525            | 53m 54s      | 97.25%           |
| 17550            | 53m 59s      | 97.5%            |
| 17575            | 54m 3s       | 97.5%            |
| 17600            | 54m 8s       | 97.75%           |
| 17625            | 54m 12s      | 97.75%           |
| 17650            | 54m 17s      | 98%              |
| 17675            | 54m 22s      | 98%              |
| 17700            | 54m 26s      | 98.25%           |
| 17725            | 54m 31s      | 98.25%           |
| 17750            | 54m 35s      | 98.5%            |
| 17775            | 54m 40s      | 98.75%           |
| 17800            | 54m 45s      | 98.75%           |
| 17825            | 54m 49s      | 99%              |
| 17850            | 54m 54s      | 99%              |
| 17875            | 54m 58s      | 99.25%           |
| 17900            | 55m 3s       | 99.25%           |
| 17925            | 55m 8s       | 99.5%            |
| 17950            | 55m 12s      | 99.5%            |
| 17975            | 55m 17s      | 99.75%           |
| 17995            | 55m 20s      | 100%             |
| 17994            | 55m 20s      | 99.75%           |
+------------------+--------------+------------------+
Automatically generating validation set from 5% of the data.
Beginning model training on processed features. 
Calibrating solver; this may take some time.
+-----------+--------------+-------------------+---------------------+
| Iteration | Elapsed Time | Training Accuracy | Validation Accuracy |
+-----------+--------------+-------------------+---------------------+
| 0         | 1.997091     | 0.215055          | 0.209660            |
| 1         | 4.485443     | 0.253863          | 0.255763            |
| 2         | 5.398624     | 0.145282          | 0.150384            |
| 3         | 7.118607     | 0.288281          | 0.296378            |
| 4         | 8.013166     | 0.305783          | 0.302964            |
| 9         | 12.464817    | 0.452236          | 0.423710            |
| 14        | 17.859444    | 0.540506          | 0.518112            |
| 19        | 22.786220    | 0.580133          | 0.554336            |
| 24        | 27.726702    | 0.624795          | 0.599341            |
| 29        | 33.015768    | 0.658511          | 0.621295            |
| 34        | 37.620097    | 0.702177          | 0.673985            |
| 39        | 43.821409    | 0.720499          | 0.698134            |
| 44        | 49.579432    | 0.753629          | 0.716795            |
| 49        | 54.499872    | 0.769375          | 0.723381            |
| 54        | 59.363671    | 0.800574          | 0.751921            |
| 59        | 63.943379    | 0.812573          | 0.773875            |
| 64        | 68.906060    | 0.826036          | 0.763996            |
| 69        | 73.925119    | 0.841314          | 0.768386            |
| 74        | 79.293489    | 0.857937          | 0.784852            |
| 79        | 84.657835    | 0.866659          | 0.795829            |
| 84        | 89.184430    | 0.877488          | 0.809001            |
| 89        | 93.708974    | 0.886970          | 0.803513            |
| 94        | 98.568911    | 0.891887          | 0.824369            |
| 99        | 103.898444   | 0.903360          | 0.825467            |
| 104       | 109.575129   | 0.911672          | 0.839737            |
| 109       | 114.864824   | 0.918637          | 0.850714            |
| 114       | 119.843619   | 0.923144          | 0.861690            |
| 119       | 124.417333   | 0.929525          | 0.854007            |
| 124       | 128.976256   | 0.936783          | 0.864984            |
| 129       | 133.885613   | 0.938305          | 0.874863            |
| 134       | 139.324816   | 0.941875          | 0.875960            |
| 139       | 144.603719   | 0.947670          | 0.870472            |
| 144       | 149.923708   | 0.950831          | 0.874863            |
| 149       | 155.629557   | 0.954343          | 0.881449            |
| 154       | 160.940101   | 0.959202          | 0.883644            |
| 159       | 167.110054   | 0.960723          | 0.886937            |
| 164       | 172.017196   | 0.964528          | 0.894621            |
| 169       | 176.538826   | 0.968860          | 0.888035            |
| 174       | 181.466394   | 0.971728          | 0.894621            |
| 179       | 186.368640   | 0.973777          | 0.901207            |
| 184       | 190.966106   | 0.977523          | 0.899012            |
| 189       | 196.646136   | 0.979103          | 0.902305            |
| 194       | 202.345637   | 0.980859          | 0.900110            |
| 199       | 207.348937   | 0.982381          | 0.904501            |
| 204       | 212.027300   | 0.983669          | 0.905598            |
| 209       | 217.329325   | 0.986186          | 0.907794            |
| 214       | 222.749738   | 0.986830          | 0.909989            |
| 219       | 228.127494   | 0.989230          | 0.908891            |
| 224       | 232.691567   | 0.990342          | 0.912184            |
| 229       | 237.613717   | 0.992039          | 0.916575            |
| 234       | 242.947340   | 0.993912          | 0.916575            |
| 239       | 248.645102   | 0.994673          | 0.914380            |
| 244       | 253.632305   | 0.995610          | 0.911087            |
| 249       | 258.951853   | 0.996312          | 0.908891            |
| 254       | 263.430879   | 0.997015          | 0.907794            |
| 259       | 268.353651   | 0.997483          | 0.907794            |
| 264       | 274.073091   | 0.998185          | 0.909989            |
| 269       | 278.606586   | 0.998537          | 0.911087            |
| 274       | 283.964088   | 0.998829          | 0.907794            |
| 279       | 288.513275   | 0.999239          | 0.908891            |
| 284       | 293.412108   | 0.999473          | 0.903403            |
| 289       | 298.344547   | 0.999473          | 0.908891            |
| 294       | 303.270751   | 0.999766          | 0.905598            |
| 299       | 308.253727   | 0.999590          | 0.908891            |
| 304       | 312.765857   | 0.999941          | 0.913282            |
| 309       | 317.671724   | 1.000000          | 0.919868            |
| 314       | 322.669783   | 1.000000          | 0.923161            |
| 319       | 327.538233   | 1.000000          | 0.923161            |
| 324       | 332.499379   | 1.000000          | 0.926454            |
| 329       | 337.831958   | 1.000000          | 0.925357            |
| 334       | 342.822208   | 1.000000          | 0.924259            |
| 339       | 347.734656   | 1.000000          | 0.924259            |
| 344       | 352.706935   | 1.000000          | 0.923161            |
| 349       | 357.652945   | 1.000000          | 0.920966            |
| 354       | 362.168492   | 1.000000          | 0.925357            |
| 359       | 369.157736   | 1.000000          | 0.925357            |
| 364       | 374.468267   | 1.000000          | 0.923161            |
| 369       | 379.834659   | 1.000000          | 0.924259            |
| 374       | 385.228309   | 1.000000          | 0.925357            |
| 379       | 390.177526   | 1.000000          | 0.924259            |
| 384       | 395.490888   | 1.000000          | 0.922064            |
| 389       | 400.500368   | 1.000000          | 0.923161            |
| 394       | 405.460130   | 1.000000          | 0.925357            |
| 399       | 410.746744   | 1.000000          | 0.927552            |
| 404       | 416.452070   | 1.000000          | 0.928650            |
| 409       | 422.558823   | 1.000000          | 0.928650            |
| 414       | 427.522985   | 1.000000          | 0.927552            |
| 419       | 432.867834   | 1.000000          | 0.927552            |
| 424       | 437.434498   | 1.000000          | 0.928650            |
| 429       | 443.553730   | 1.000000          | 0.927552            |
| 434       | 448.535114   | 1.000000          | 0.927552            |
| 439       | 453.059510   | 1.000000          | 0.929748            |
| 444       | 458.303421   | 1.000000          | 0.929748            |
| 449       | 463.701573   | 1.000000          | 0.928650            |
| 454       | 469.804133   | 1.000000          | 0.928650            |
| 459       | 474.661330   | 1.000000          | 0.924259            |
| 464       | 479.218664   | 1.000000          | 0.922064            |
| 469       | 483.706949   | 1.000000          | 0.924259            |
| 474       | 489.084816   | 1.000000          | 0.923161            |
| 479       | 494.859336   | 1.000000          | 0.924259            |
| 484       | 500.496435   | 1.000000          | 0.923161            |
| 489       | 505.346923   | 1.000000          | 0.923161            |
| 494       | 510.306290   | 1.000000          | 0.924259            |
| 499       | 515.671228   | 1.000000          | 0.924259            |
| 504       | 520.209870   | 1.000000          | 0.926454            |
| 509       | 525.179416   | 1.000000          | 0.924259            |
| 514       | 530.088055   | 1.000000          | 0.926454            |
| 519       | 535.024360   | 1.000000          | 0.924259            |
| 524       | 540.384506   | 1.000000          | 0.924259            |
| 529       | 545.265348   | 1.000000          | 0.925357            |
| 534       | 549.877480   | 1.000000          | 0.929748            |
| 539       | 555.128141   | 1.000000          | 0.927552            |
| 544       | 560.530379   | 1.000000          | 0.927552            |
| 549       | 565.902667   | 1.000000          | 0.926454            |
| 554       | 571.308659   | 1.000000          | 0.924259            |
| 559       | 576.158552   | 1.000000          | 0.926454            |
| 564       | 581.902070   | 1.000000          | 0.925357            |
| 569       | 587.326294   | 1.000000          | 0.926454            |
| 574       | 592.241934   | 1.000000          | 0.924259            |
| 579       | 596.777287   | 1.000000          | 0.924259            |
| 584       | 601.792921   | 1.000000          | 0.925357            |
| 589       | 606.693083   | 1.000000          | 0.925357            |
| 594       | 611.609436   | 1.000000          | 0.924259            |
| 599       | 616.475338   | 1.000000          | 0.925357            |
| 604       | 621.013201   | 1.000000          | 0.920966            |
| 609       | 626.316730   | 1.000000          | 0.920966            |
| 614       | 631.265512   | 1.000000          | 0.922064            |
| 619       | 636.137961   | 1.000000          | 0.923161            |
| 624       | 641.467668   | 1.000000          | 0.926454            |
| 629       | 646.397513   | 1.000000          | 0.930845            |
| 634       | 651.287014   | 1.000000          | 0.929748            |
| 639       | 656.225898   | 1.000000          | 0.930845            |
| 644       | 661.235520   | 1.000000          | 0.927552            |
| 649       | 667.369689   | 1.000000          | 0.927552            |
| 654       | 672.351398   | 1.000000          | 0.925357            |
| 659       | 678.359802   | 1.000000          | 0.924259            |
| 664       | 683.260934   | 1.000000          | 0.927552            |
| 669       | 689.033129   | 1.000000          | 0.925357            |
| 674       | 693.581987   | 1.000000          | 0.929748            |
| 679       | 698.873016   | 1.000000          | 0.927552            |
| 684       | 703.428563   | 1.000000          | 0.929748            |
| 689       | 709.636427   | 1.000000          | 0.929748            |
| 694       | 716.566040   | 1.000000          | 0.930845            |
| 699       | 721.508701   | 1.000000          | 0.929748            |
| 704       | 726.394185   | 1.000000          | 0.931943            |
| 709       | 731.739310   | 1.000000          | 0.930845            |
| 714       | 737.414255   | 1.000000          | 0.931943            |
| 719       | 742.451246   | 1.000000          | 0.930845            |
| 724       | 746.953586   | 1.000000          | 0.930845            |
| 729       | 751.841785   | 1.000000          | 0.933041            |
| 734       | 757.226249   | 1.000000          | 0.931943            |
| 739       | 761.817863   | 1.000000          | 0.930845            |
| 744       | 766.776320   | 1.000000          | 0.930845            |
| 749       | 771.310062   | 1.000000          | 0.929748            |
| 754       | 776.269415   | 1.000000          | 0.931943            |
| 759       | 783.213839   | 1.000000          | 0.930845            |
| 764       | 788.915187   | 1.000000          | 0.929748            |
| 769       | 793.808100   | 1.000000          | 0.930845            |
| 774       | 799.874132   | 1.000000          | 0.930845            |
| 779       | 804.414199   | 1.000000          | 0.930845            |
| 784       | 809.770487   | 1.000000          | 0.930845            |
| 789       | 815.500385   | 1.000000          | 0.928650            |
| 794       | 820.039022   | 1.000000          | 0.929748            |
| 799       | 825.356894   | 1.000000          | 0.929748            |
| 804       | 832.320937   | 1.000000          | 0.929748            |
| 809       | 838.458965   | 1.000000          | 0.929748            |
| 814       | 844.132423   | 1.000000          | 0.929748            |
| 819       | 849.023397   | 1.000000          | 0.929748            |
| 824       | 853.964463   | 1.000000          | 0.930845            |
| 829       | 858.919791   | 1.000000          | 0.929748            |
| 834       | 863.800682   | 1.000000          | 0.929748            |
| 839       | 869.117190   | 1.000000          | 0.927552            |
| 844       | 873.611580   | 1.000000          | 0.928650            |
| 849       | 878.175483   | 1.000000          | 0.927552            |
| 854       | 883.138026   | 1.000000          | 0.928650            |
| 859       | 888.072076   | 1.000000          | 0.928650            |
| 864       | 892.972152   | 1.000000          | 0.928650            |
| 869       | 899.461018   | 1.000000          | 0.928650            |
| 874       | 904.796345   | 1.000000          | 0.928650            |
| 879       | 909.683586   | 1.000000          | 0.928650            |
| 884       | 915.023445   | 1.000000          | 0.927552            |
| 889       | 923.553371   | 1.000000          | 0.927552            |
| 894       | 928.904652   | 1.000000          | 0.927552            |
| 899       | 933.881141   | 1.000000          | 0.927552            |
| 904       | 938.809740   | 1.000000          | 0.927552            |
| 909       | 944.114758   | 1.000000          | 0.927552            |
| 914       | 950.607557   | 1.000000          | 0.928650            |
| 919       | 955.096447   | 1.000000          | 0.929748            |
| 924       | 960.128985   | 1.000000          | 0.929748            |
| 929       | 965.883658   | 1.000000          | 0.929748            |
| 934       | 970.760599   | 1.000000          | 0.929748            |
| 939       | 975.712933   | 1.000000          | 0.929748            |
| 944       | 980.661903   | 1.000000          | 0.929748            |
| 949       | 985.638673   | 1.000000          | 0.929748            |
| 954       | 992.116458   | 1.000000          | 0.927552            |
| 959       | 997.878702   | 1.000000          | 0.928650            |
| 964       | 1003.200119  | 1.000000          | 0.929748            |
| 969       | 1008.601063  | 1.000000          | 0.930845            |
| 974       | 1013.527978  | 1.000000          | 0.929748            |
| 979       | 1018.149540  | 1.000000          | 0.930845            |
| 984       | 1023.014361  | 1.000000          | 0.929748            |
| 989       | 1027.558827  | 1.000000          | 0.929748            |
| 994       | 1032.392971  | 1.000000          | 0.929748            |
| 999       | 1037.759275  | 1.000000          | 0.927552            |
+-----------+--------------+-------------------+---------------------+
IMAGE CLASSIFIER:
ImageClassifier

Parameters
Feature Extractor: ScenePrint
Max Iterations: 1000

Performance on Training Data
Number of examples: 17084
Number of classes: 10
Accuracy: 100.00%

Performance on Validation Data
Number of examples: 911
Number of classes: 10
Accuracy: 92.76%

SAVING MODEL TO ./Models/DistractedDriverClassifier.mlmodel
Trained model successfully saved at /Users/adriantineo/Library/Developer/Xcode/DerivedData/DistractedDriverCreateML-evrjlxjgpvzkuxgcddcqgyqyimxv/Build/Products/Debug/Models/DistractedDriverClassifier.mlmodel.

PRINTING SOME PREDICTIONS FOR IMAGES:
PREDICTIONS FOR LABEL c8:
	Predicting image 0 as c8
	Predicting image 1 as c7
	Predicting image 2 as c1
	Predicting image 3 as c7
	Predicting image 4 as c7
	Predicting image 5 as c7
	Predicting image 6 as c1
	Predicting image 7 as c1
	Predicting image 8 as c7
	Predicting image 9 as c8
PREDICTIONS FOR LABEL c2:
	Predicting image 0 as c7
	Predicting image 1 as c1
	Predicting image 2 as c9
	Predicting image 3 as c7
	Predicting image 4 as c1
	Predicting image 5 as c1
	Predicting image 6 as c8
	Predicting image 7 as c7
	Predicting image 8 as c7
	Predicting image 9 as c9
PREDICTIONS FOR LABEL c3:
	Predicting image 0 as c9
	Predicting image 1 as c9
	Predicting image 2 as c9
	Predicting image 3 as c7
	Predicting image 4 as c7
	Predicting image 5 as c7
	Predicting image 6 as c7
	Predicting image 7 as c7
	Predicting image 8 as c7
	Predicting image 9 as c7
PREDICTIONS FOR LABEL c9:
	Predicting image 0 as c9
	Predicting image 1 as c9
	Predicting image 2 as c7
	Predicting image 3 as c6
	Predicting image 4 as c8
	Predicting image 5 as c9
	Predicting image 6 as c9
	Predicting image 7 as c7
	Predicting image 8 as c7
	Predicting image 9 as c7
PREDICTIONS FOR LABEL c7:
	Predicting image 0 as c7
	Predicting image 1 as c7
	Predicting image 2 as c7
	Predicting image 3 as c7
	Predicting image 4 as c7
	Predicting image 5 as c7
	Predicting image 6 as c7
	Predicting image 7 as c1
	Predicting image 8 as c7
	Predicting image 9 as c7
PREDICTIONS FOR LABEL c0:
	Predicting image 0 as c7
	Predicting image 1 as c7
	Predicting image 2 as c7
	Predicting image 3 as c0
	Predicting image 4 as c7
	Predicting image 5 as c7
	Predicting image 6 as c7
	Predicting image 7 as c9
	Predicting image 8 as c7
	Predicting image 9 as c7
PREDICTIONS FOR LABEL c1:
	Predicting image 0 as c7
	Predicting image 1 as c7
	Predicting image 2 as c7
	Predicting image 3 as c0
	Predicting image 4 as c7
	Predicting image 5 as c7
	Predicting image 6 as c0
	Predicting image 7 as c7
	Predicting image 8 as c7
	Predicting image 9 as c7
PREDICTIONS FOR LABEL c4:
	Predicting image 0 as c7
	Predicting image 1 as c8
	Predicting image 2 as c9
	Predicting image 3 as c8
	Predicting image 4 as c9
	Predicting image 5 as c6
	Predicting image 6 as c7
	Predicting image 7 as c7
	Predicting image 8 as c7
	Predicting image 9 as c8
PREDICTIONS FOR LABEL c5:
	Predicting image 0 as c7
	Predicting image 1 as c7
	Predicting image 2 as c7
	Predicting image 3 as c9
	Predicting image 4 as c8
	Predicting image 5 as c9
	Predicting image 6 as c7
	Predicting image 7 as c1
	Predicting image 8 as c9
	Predicting image 9 as c9
PREDICTIONS FOR LABEL c6:
	Predicting image 0 as c9
	Predicting image 1 as c9
	Predicting image 2 as c8
	Predicting image 3 as c7
	Predicting image 4 as c9
	Predicting image 5 as c8
	Predicting image 6 as c7
	Predicting image 7 as c7
	Predicting image 8 as c9
	Predicting image 9 as c5
Extracting image features from evaluation data.
Analyzing and extracting image features.
+------------------+--------------+------------------+
| Images Processed | Elapsed Time | Percent Complete |
+------------------+--------------+------------------+
| 1                | 184.206ms    | 0%               |
| 2                | 366.27ms     | 0%               |
| 3                | 549.432ms    | 0%               |
| 4                | 731.651ms    | 0%               |
| 5                | 913.71ms     | 0%               |
| 10               | 1.82s        | 0%               |
| 25               | 4.69s        | 0.5%             |
| 50               | 9.32s        | 1%               |
| 75               | 14.04s       | 1.5%             |
| 100              | 18.64s       | 2%               |
| 125              | 23.30s       | 2.75%            |
| 150              | 27.96s       | 3.25%            |
| 175              | 32.59s       | 3.75%            |
| 200              | 37.25s       | 4.25%            |
| 225              | 41.87s       | 5%               |
| 250              | 46.53s       | 5.5%             |
| 275              | 51.23s       | 6%               |
| 300              | 55.89s       | 6.5%             |
| 325              | 1m 0s        | 7.25%            |
| 350              | 1m 5s        | 7.75%            |
| 375              | 1m 9s        | 8.25%            |
| 400              | 1m 14s       | 8.75%            |
| 425              | 1m 19s       | 9.5%             |
| 450              | 1m 23s       | 10%              |
| 475              | 1m 28s       | 10.5%            |
| 500              | 1m 33s       | 11%              |
| 525              | 1m 37s       | 11.75%           |
| 550              | 1m 42s       | 12.25%           |
| 575              | 1m 46s       | 12.75%           |
| 600              | 1m 51s       | 13.25%           |
| 625              | 1m 56s       | 13.75%           |
| 650              | 2m 0s        | 14.5%            |
| 675              | 2m 5s        | 15%              |
| 700              | 2m 10s       | 15.5%            |
| 725              | 2m 14s       | 16%              |
| 750              | 2m 19s       | 16.75%           |
| 775              | 2m 24s       | 17.25%           |
| 800              | 2m 28s       | 17.75%           |
| 825              | 2m 33s       | 18.25%           |
| 850              | 2m 38s       | 19%              |
| 875              | 2m 42s       | 19.5%            |
| 900              | 2m 47s       | 20%              |
| 925              | 2m 52s       | 20.5%            |
| 950              | 2m 56s       | 21.25%           |
| 975              | 3m 1s        | 21.75%           |
| 1000             | 3m 6s        | 22.25%           |
| 1025             | 3m 10s       | 22.75%           |
| 1050             | 3m 15s       | 23.5%            |
| 1075             | 3m 20s       | 24%              |
| 1100             | 3m 24s       | 24.5%            |
| 1125             | 3m 29s       | 25%              |
| 1150             | 3m 34s       | 25.5%            |
| 1175             | 3m 38s       | 26.25%           |
| 1200             | 3m 43s       | 26.75%           |
| 1225             | 3m 47s       | 27.25%           |
| 1250             | 3m 52s       | 27.75%           |
| 1275             | 3m 57s       | 28.5%            |
| 1300             | 4m 1s        | 29%              |
| 1325             | 4m 6s        | 29.5%            |
| 1350             | 4m 11s       | 30%              |
| 1375             | 4m 15s       | 30.75%           |
| 1400             | 4m 20s       | 31.25%           |
| 1425             | 4m 25s       | 31.75%           |
| 1450             | 4m 29s       | 32.25%           |
| 1475             | 4m 34s       | 33%              |
| 1500             | 4m 39s       | 33.5%            |
| 1525             | 4m 43s       | 34%              |
| 1550             | 4m 48s       | 34.5%            |
| 1575             | 4m 52s       | 35.25%           |
| 1600             | 4m 57s       | 35.75%           |
| 1625             | 5m 2s        | 36.25%           |
| 1650             | 5m 6s        | 36.75%           |
| 1675             | 5m 11s       | 37.25%           |
| 1700             | 5m 16s       | 38%              |
| 1725             | 5m 20s       | 38.5%            |
| 1750             | 5m 25s       | 39%              |
| 1775             | 5m 30s       | 39.5%            |
| 1800             | 5m 34s       | 40.25%           |
| 1825             | 5m 39s       | 40.75%           |
| 1850             | 5m 44s       | 41.25%           |
| 1875             | 5m 48s       | 41.75%           |
| 1900             | 5m 53s       | 42.5%            |
| 1925             | 5m 57s       | 43%              |
| 1950             | 6m 2s        | 43.5%            |
| 1975             | 6m 7s        | 44%              |
| 2000             | 6m 11s       | 44.75%           |
| 2025             | 6m 16s       | 45.25%           |
| 2050             | 6m 21s       | 45.75%           |
| 2075             | 6m 25s       | 46.25%           |
| 2100             | 6m 30s       | 47%              |
| 2125             | 6m 35s       | 47.5%            |
| 2150             | 6m 39s       | 48%              |
| 2175             | 6m 44s       | 48.5%            |
| 2200             | 6m 49s       | 49.25%           |
| 2225             | 6m 53s       | 49.75%           |
| 2250             | 6m 58s       | 50.25%           |
| 2275             | 7m 3s        | 50.75%           |
| 2300             | 7m 7s        | 51.25%           |
| 2325             | 7m 12s       | 52%              |
| 2350             | 7m 17s       | 52.5%            |
| 2375             | 7m 21s       | 53%              |
| 2400             | 7m 26s       | 53.5%            |
| 2425             | 7m 31s       | 54.25%           |
| 2450             | 7m 35s       | 54.75%           |
| 2475             | 7m 40s       | 55.25%           |
| 2500             | 7m 45s       | 55.75%           |
| 2525             | 7m 49s       | 56.5%            |
| 2550             | 7m 54s       | 57%              |
| 2575             | 7m 59s       | 57.5%            |
| 2600             | 8m 4s        | 58%              |
| 2625             | 8m 8s        | 58.75%           |
| 2650             | 8m 13s       | 59.25%           |
| 2675             | 8m 18s       | 59.75%           |
| 2700             | 8m 22s       | 60.25%           |
| 2725             | 8m 27s       | 61%              |
| 2750             | 8m 32s       | 61.5%            |
| 2775             | 8m 36s       | 62%              |
| 2800             | 8m 41s       | 62.5%            |
| 2825             | 8m 46s       | 63%              |
| 2850             | 8m 50s       | 63.75%           |
| 2875             | 8m 55s       | 64.25%           |
| 2900             | 9m 0s        | 64.75%           |
| 2925             | 9m 5s        | 65.25%           |
| 2950             | 9m 10s       | 66%              |
| 2975             | 9m 15s       | 66.5%            |
| 3000             | 9m 19s       | 67%              |
| 3025             | 9m 24s       | 67.5%            |
| 3050             | 9m 29s       | 68.25%           |
| 3075             | 9m 33s       | 68.75%           |
| 3100             | 9m 38s       | 69.25%           |
| 3125             | 9m 43s       | 69.75%           |
| 3150             | 9m 47s       | 70.5%            |
| 3175             | 9m 52s       | 71%              |
| 3200             | 9m 57s       | 71.5%            |
| 3225             | 10m 1s       | 72%              |
| 3250             | 10m 6s       | 72.75%           |
| 3275             | 10m 11s      | 73.25%           |
| 3300             | 10m 16s      | 73.75%           |
| 3325             | 10m 21s      | 74.25%           |
| 3350             | 10m 26s      | 74.75%           |
| 3375             | 10m 31s      | 75.5%            |
| 3400             | 10m 35s      | 76%              |
| 3425             | 10m 40s      | 76.5%            |
| 3450             | 10m 45s      | 77%              |
| 3475             | 10m 49s      | 77.75%           |
| 3500             | 10m 54s      | 78.25%           |
| 3525             | 10m 59s      | 78.75%           |
| 3550             | 11m 4s       | 79.25%           |
| 3575             | 11m 9s       | 80%              |
| 3600             | 11m 13s      | 80.5%            |
| 3625             | 11m 18s      | 81%              |
| 3650             | 11m 23s      | 81.5%            |
| 3675             | 11m 28s      | 82.25%           |
| 3700             | 11m 32s      | 82.75%           |
| 3725             | 11m 37s      | 83.25%           |
| 3750             | 11m 42s      | 83.75%           |
| 3775             | 11m 46s      | 84.5%            |
| 3800             | 11m 51s      | 85%              |
| 3825             | 11m 56s      | 85.5%            |
| 3850             | 12m 1s       | 86%              |
| 3875             | 12m 5s       | 86.5%            |
| 3900             | 12m 10s      | 87.25%           |
| 3925             | 12m 15s      | 87.75%           |
| 3950             | 12m 20s      | 88.25%           |
| 3975             | 12m 25s      | 88.75%           |
| 4000             | 12m 30s      | 89.5%            |
| 4025             | 12m 35s      | 90%              |
| 4050             | 12m 40s      | 90.5%            |
| 4075             | 12m 45s      | 91%              |
| 4100             | 12m 50s      | 91.75%           |
| 4125             | 12m 54s      | 92.25%           |
| 4150             | 12m 59s      | 92.75%           |
| 4175             | 13m 4s       | 93.25%           |
| 4200             | 13m 8s       | 94%              |
| 4225             | 13m 13s      | 94.5%            |
| 4250             | 13m 18s      | 95%              |
| 4275             | 13m 23s      | 95.5%            |
| 4300             | 13m 27s      | 96.25%           |
| 4325             | 13m 32s      | 96.75%           |
| 4350             | 13m 37s      | 97.25%           |
| 4375             | 13m 41s      | 97.75%           |
| 4400             | 13m 46s      | 98.5%            |
| 4425             | 13m 52s      | 99%              |
| 4450             | 13m 56s      | 99.5%            |
| 4467             | 14m 0s       | 100%             |
| 4466             | 13m 59s      | 99.75%           |
+------------------+--------------+------------------+
EVALUATION METRICS FOR MODEL:
----------------------------------
Number of examples: 4467
Number of classes: 10
Accuracy: 92.75%

******CONFUSION MATRIX******
----------------------------------
True\Pred c0   c1   c2   c3   c4   c5   c6   c7   c8   c9   
c0        480  2    0    12   9    8    2    1    2    5    
c1        0    437  2    0    3    1    4    0    0    3    
c2        2    3    439  1    2    1    5    0    4    4    
c3        6    2    2    433  22   5    2    0    2    2    
c4        12   2    1    20   438  9    5    1    2    4    
c5        2    0    0    3    3    406  8    0    0    1    
c6        7    0    4    3    9    6    425  1    3    1    
c7        2    0    2    1    0    0    1    388  5    2    
c8        7    3    5    1    5    5    7    2    326  16   
c9        3    5    1    4    5    4    1    1    10   371  

******PRECISION RECALL******
----------------------------------
Class Precision(%)   Recall(%)      
c0    92.13          92.13          
c1    96.26          97.11          
c2    96.27          95.23          
c3    90.59          90.97          
c4    88.31          88.66          
c5    91.24          95.98          
c6    92.39          92.59          
c7    98.48          96.76          
c8    92.09          86.47          
c9    90.71          91.60          


Program ended with exit code: 0